This is pdfTeX, Version 3.141592653-2.6-1.40.26 (TeX Live 2024) (preloaded format=pdflatex 2024.8.18)  24 NOV 2024 20:17
entering extended mode
 \write18 enabled.
 file:line:error style messages enabled.
 %&-line parsing enabled.
**d:/Projects/smartphone_price_prediction/report/report.tex
(d:/Projects/smartphone_price_prediction/report/report.tex
LaTeX2e <2024-06-01> patch level 2
L3 programming layer <2024-05-27>
(c:/texlive/2024/texmf-dist/tex/latex/base/report.cls
Document Class: report 2024/02/08 v1.4n Standard LaTeX document class
(c:/texlive/2024/texmf-dist/tex/latex/base/size12.clo
File: size12.clo 2024/02/08 v1.4n Standard LaTeX file (size option)
)
\c@part=\count194
\c@chapter=\count195
\c@section=\count196
\c@subsection=\count197
\c@subsubsection=\count198
\c@paragraph=\count199
\c@subparagraph=\count266
\c@figure=\count267
\c@table=\count268
\abovecaptionskip=\skip49
\belowcaptionskip=\skip50
\bibindent=\dimen141
) (c:/texlive/2024/texmf-dist/tex/latex/geometry/geometry.sty
Package: geometry 2020/01/02 v5.9 Page Geometry
 (c:/texlive/2024/texmf-dist/tex/latex/graphics/keyval.sty
Package: keyval 2022/05/29 v1.15 key=value parser (DPC)
\KV@toks@=\toks17
) (c:/texlive/2024/texmf-dist/tex/generic/iftex/ifvtex.sty
Package: ifvtex 2019/10/25 v1.7 ifvtex legacy package. Use iftex instead.
 (c:/texlive/2024/texmf-dist/tex/generic/iftex/iftex.sty
Package: iftex 2022/02/03 v1.0f TeX engine tests
))
\Gm@cnth=\count269
\Gm@cntv=\count270
\c@Gm@tempcnt=\count271
\Gm@bindingoffset=\dimen142
\Gm@wd@mp=\dimen143
\Gm@odd@mp=\dimen144
\Gm@even@mp=\dimen145
\Gm@layoutwidth=\dimen146
\Gm@layoutheight=\dimen147
\Gm@layouthoffset=\dimen148
\Gm@layoutvoffset=\dimen149
\Gm@dimlist=\toks18
) (c:/texlive/2024/texmf-dist/tex/latex/amsmath/amsmath.sty
Package: amsmath 2024/05/23 v2.17q AMS math features
\@mathmargin=\skip51

For additional information on amsmath, use the `?' option.
(c:/texlive/2024/texmf-dist/tex/latex/amsmath/amstext.sty
Package: amstext 2021/08/26 v2.01 AMS text
 (c:/texlive/2024/texmf-dist/tex/latex/amsmath/amsgen.sty
File: amsgen.sty 1999/11/30 v2.0 generic functions
\@emptytoks=\toks19
\ex@=\dimen150
)) (c:/texlive/2024/texmf-dist/tex/latex/amsmath/amsbsy.sty
Package: amsbsy 1999/11/29 v1.2d Bold Symbols
\pmbraise@=\dimen151
) (c:/texlive/2024/texmf-dist/tex/latex/amsmath/amsopn.sty
Package: amsopn 2022/04/08 v2.04 operator names
)
\inf@bad=\count272
LaTeX Info: Redefining \frac on input line 233.
\uproot@=\count273
\leftroot@=\count274
LaTeX Info: Redefining \overline on input line 398.
LaTeX Info: Redefining \colon on input line 409.
\classnum@=\count275
\DOTSCASE@=\count276
LaTeX Info: Redefining \ldots on input line 495.
LaTeX Info: Redefining \dots on input line 498.
LaTeX Info: Redefining \cdots on input line 619.
\Mathstrutbox@=\box52
\strutbox@=\box53
LaTeX Info: Redefining \big on input line 721.
LaTeX Info: Redefining \Big on input line 722.
LaTeX Info: Redefining \bigg on input line 723.
LaTeX Info: Redefining \Bigg on input line 724.
\big@size=\dimen152
LaTeX Font Info:    Redeclaring font encoding OML on input line 742.
LaTeX Font Info:    Redeclaring font encoding OMS on input line 743.
\macc@depth=\count277
LaTeX Info: Redefining \bmod on input line 904.
LaTeX Info: Redefining \pmod on input line 909.
LaTeX Info: Redefining \smash on input line 939.
LaTeX Info: Redefining \relbar on input line 969.
LaTeX Info: Redefining \Relbar on input line 970.
\c@MaxMatrixCols=\count278
\dotsspace@=\muskip17
\c@parentequation=\count279
\dspbrk@lvl=\count280
\tag@help=\toks20
\row@=\count281
\column@=\count282
\maxfields@=\count283
\andhelp@=\toks21
\eqnshift@=\dimen153
\alignsep@=\dimen154
\tagshift@=\dimen155
\tagwidth@=\dimen156
\totwidth@=\dimen157
\lineht@=\dimen158
\@envbody=\toks22
\multlinegap=\skip52
\multlinetaggap=\skip53
\mathdisplay@stack=\toks23
LaTeX Info: Redefining \[ on input line 2953.
LaTeX Info: Redefining \] on input line 2954.
) (c:/texlive/2024/texmf-dist/tex/latex/amsfonts/amsfonts.sty
Package: amsfonts 2013/01/14 v3.01 Basic AMSFonts support
\symAMSa=\mathgroup4
\symAMSb=\mathgroup5
LaTeX Font Info:    Redeclaring math symbol \hbar on input line 98.
LaTeX Font Info:    Overwriting math alphabet `\mathfrak' in version `bold'
(Font)                  U/euf/m/n --> U/euf/b/n on input line 106.
) (c:/texlive/2024/texmf-dist/tex/latex/amsfonts/amssymb.sty
Package: amssymb 2013/01/14 v3.01 AMS font symbols
) (c:/texlive/2024/texmf-dist/tex/latex/ebgaramond-maths/ebgaramond-maths.sty
Package: ebgaramond-maths 2019/09/24 v1.2 ebgaramond-maths for use with EBGaramond
 (c:/texlive/2024/texmf-dist/tex/latex/ebgaramond/ebgaramond.sty
Package: ebgaramond 2024/04/23 (Bob Tennent and autoinst) Style file for EB Garamond fonts.
 (c:/texlive/2024/texmf-dist/tex/generic/iftex/ifxetex.sty
Package: ifxetex 2019/10/25 v0.7 ifxetex legacy package. Use iftex instead.
) (c:/texlive/2024/texmf-dist/tex/generic/iftex/ifluatex.sty
Package: ifluatex 2019/10/25 v1.5 ifluatex legacy package. Use iftex instead.
) (c:/texlive/2024/texmf-dist/tex/latex/xkeyval/xkeyval.sty
Package: xkeyval 2022/06/16 v2.9 package option processing (HA)
 (c:/texlive/2024/texmf-dist/tex/generic/xkeyval/xkeyval.tex (c:/texlive/2024/texmf-dist/tex/generic/xkeyval/xkvutils.tex
\XKV@toks=\toks24
\XKV@tempa@toks=\toks25
)
\XKV@depth=\count284
File: xkeyval.tex 2014/12/03 v2.7a key=value parser (HA)
)) (c:/texlive/2024/texmf-dist/tex/latex/base/textcomp.sty
Package: textcomp 2024/04/24 v2.1b Standard LaTeX package
) (c:/texlive/2024/texmf-dist/tex/latex/base/fontenc.sty
Package: fontenc 2021/04/29 v2.0v Standard LaTeX package
) (c:/texlive/2024/texmf-dist/tex/latex/fontaxes/fontaxes.sty
Package: fontaxes 2020/07/21 v1.0e Font selection axes
LaTeX Info: Redefining \upshape on input line 29.
LaTeX Info: Redefining \itshape on input line 31.
LaTeX Info: Redefining \slshape on input line 33.
LaTeX Info: Redefining \swshape on input line 35.
LaTeX Info: Redefining \scshape on input line 37.
LaTeX Info: Redefining \sscshape on input line 39.
LaTeX Info: Redefining \ulcshape on input line 41.
LaTeX Info: Redefining \textsw on input line 47.
LaTeX Info: Redefining \textssc on input line 48.
LaTeX Info: Redefining \textulc on input line 49.
)
LaTeX Info: Redefining \oldstylenums on input line 163.
LaTeX Info: Redefining \textsw on input line 173.
)
LaTeX Font Info:    Redeclaring symbol font `letters' on input line 24.
LaTeX Font Info:    Overwriting symbol font `letters' in version `normal'
(Font)                  OML/cmm/m/it --> OML/EBGaramond-Maths/m/it on input line 24.
LaTeX Font Info:    Overwriting symbol font `letters' in version `bold'
(Font)                  OML/cmm/b/it --> OML/EBGaramond-Maths/m/it on input line 24.
LaTeX Font Info:    Redeclaring symbol font `operators' on input line 25.
LaTeX Font Info:    Overwriting symbol font `operators' in version `normal'
(Font)                  OT1/cmr/m/n --> OT1/EBGaramond-LF/m/n on input line 25.
LaTeX Font Info:    Overwriting symbol font `operators' in version `bold'
(Font)                  OT1/cmr/bx/n --> OT1/EBGaramond-LF/m/n on input line 25.
LaTeX Font Info:    Overwriting symbol font `letters' in version `bold'
(Font)                  OML/EBGaramond-Maths/m/it --> OML/EBGaramond-Maths/b/it on input line 27.
LaTeX Font Info:    Overwriting symbol font `operators' in version `bold'
(Font)                  OT1/EBGaramond-LF/m/n --> OT1/EBGaramond-LF/bx/n on input line 28.
LaTeX Font Info:    Overwriting math alphabet `\mathbf' in version `normal'
(Font)                  OT1/cmr/bx/n --> OT1/EBGaramond-LF/bx/n on input line 33.
LaTeX Font Info:    Overwriting math alphabet `\mathbf' in version `bold'
(Font)                  OT1/cmr/bx/n --> OT1/EBGaramond-LF/bx/n on input line 34.
LaTeX Font Info:    Overwriting math alphabet `\mathit' in version `normal'
(Font)                  OT1/cmr/m/it --> OT1/EBGaramond-LF/m/it on input line 35.
LaTeX Font Info:    Overwriting math alphabet `\mathit' in version `bold'
(Font)                  OT1/cmr/bx/it --> OT1/EBGaramond-LF/bx/it on input line 36.
LaTeX Font Info:    Redeclaring math alphabet \mathcal on input line 38.
) (c:/texlive/2024/texmf-dist/tex/latex/tools/enumerate.sty
Package: enumerate 2023/07/04 v3.00 enumerate extensions (DPC)
\@enLab=\toks26
) (c:/texlive/2024/texmf-dist/tex/latex/fancyhdr/fancyhdr.sty
Package: fancyhdr 2024/07/23 v4.3.1 Extensive control of page headers and footers
\f@nch@headwidth=\skip54
\f@nch@O@elh=\skip55
\f@nch@O@erh=\skip56
\f@nch@O@olh=\skip57
\f@nch@O@orh=\skip58
\f@nch@O@elf=\skip59
\f@nch@O@erf=\skip60
\f@nch@O@olf=\skip61
\f@nch@O@orf=\skip62
) (c:/texlive/2024/texmf-dist/tex/latex/xcolor/xcolor.sty
Package: xcolor 2023/11/15 v3.01 LaTeX color extensions (UK)
 (c:/texlive/2024/texmf-dist/tex/latex/graphics-cfg/color.cfg
File: color.cfg 2016/01/02 v1.6 sample color configuration
)
Package xcolor Info: Driver file: pdftex.def on input line 274.
 (c:/texlive/2024/texmf-dist/tex/latex/graphics-def/pdftex.def
File: pdftex.def 2024/04/13 v1.2c Graphics/color driver for pdftex
) (c:/texlive/2024/texmf-dist/tex/latex/graphics/mathcolor.ltx)
Package xcolor Info: Model `cmy' substituted by `cmy0' on input line 1350.
Package xcolor Info: Model `hsb' substituted by `rgb' on input line 1354.
Package xcolor Info: Model `RGB' extended on input line 1366.
Package xcolor Info: Model `HTML' substituted by `rgb' on input line 1368.
Package xcolor Info: Model `Hsb' substituted by `hsb' on input line 1369.
Package xcolor Info: Model `tHsb' substituted by `hsb' on input line 1370.
Package xcolor Info: Model `HSB' substituted by `hsb' on input line 1371.
Package xcolor Info: Model `Gray' substituted by `gray' on input line 1372.
Package xcolor Info: Model `wave' substituted by `hsb' on input line 1373.
) (c:/texlive/2024/texmf-dist/tex/latex/lipsum/lipsum.sty (c:/texlive/2024/texmf-dist/tex/latex/l3packages/l3keys2e/l3keys2e.sty (c:/texlive/2024/texmf-dist/tex/latex/l3kernel/expl3.sty
Package: expl3 2024-05-27 L3 programming layer (loader) 
 (c:/texlive/2024/texmf-dist/tex/latex/l3backend/l3backend-pdftex.def
File: l3backend-pdftex.def 2024-05-08 L3 backend support: PDF output (pdfTeX)
\l__color_backend_stack_int=\count285
\l__pdf_internal_box=\box54
))
Package: l3keys2e 2024-05-08 LaTeX2e option processing using LaTeX3 keys
)
Package: lipsum 2021-09-20 v2.7 150 paragraphs of Lorem Ipsum dummy text
\g__lipsum_par_int=\count286
\l__lipsum_a_int=\count287
\l__lipsum_b_int=\count288
 (c:/texlive/2024/texmf-dist/tex/latex/lipsum/lipsum.ltd.tex)) (c:/texlive/2024/texmf-dist/tex/latex/titling/titling.sty
Package: titling 2009/09/04 v2.1d maketitle typesetting
\thanksmarkwidth=\skip63
\thanksmargin=\skip64
\droptitle=\skip65
) (c:/texlive/2024/texmf-dist/tex/latex/minted/minted.sty
Package: minted 2023/12/18 v2.9 Yet another Pygments shim for LaTeX
 (c:/texlive/2024/texmf-dist/tex/latex/kvoptions/kvoptions.sty
Package: kvoptions 2022-06-15 v3.15 Key value format for package options (HO)
 (c:/texlive/2024/texmf-dist/tex/generic/ltxcmds/ltxcmds.sty
Package: ltxcmds 2023-12-04 v1.26 LaTeX kernel commands for general use (HO)
) (c:/texlive/2024/texmf-dist/tex/latex/kvsetkeys/kvsetkeys.sty
Package: kvsetkeys 2022-10-05 v1.19 Key value parser (HO)
)) (c:/texlive/2024/texmf-dist/tex/latex/fvextra/fvextra.sty
Package: fvextra 2024/05/16 v1.7.0 fvextra - extensions and patches for fancyvrb
 (c:/texlive/2024/texmf-dist/tex/latex/etoolbox/etoolbox.sty
Package: etoolbox 2020/10/05 v2.5k e-TeX tools for LaTeX (JAW)
\etb@tempcnta=\count289
) (c:/texlive/2024/texmf-dist/tex/latex/fancyvrb/fancyvrb.sty
Package: fancyvrb 2024/01/20 4.5c verbatim text (tvz,hv)
\FV@CodeLineNo=\count290
\FV@InFile=\read2
\FV@TabBox=\box55
\c@FancyVerbLine=\count291
\FV@StepNumber=\count292
\FV@OutFile=\write3
) (c:/texlive/2024/texmf-dist/tex/latex/upquote/upquote.sty
Package: upquote 2012/04/19 v1.3 upright-quote and grave-accent glyphs in verbatim
) (c:/texlive/2024/texmf-dist/tex/latex/lineno/lineno.sty
Package: lineno 2023/05/20 line numbers on paragraphs v5.3
\linenopenalty=\count293
\output=\toks27
\linenoprevgraf=\count294
\linenumbersep=\dimen159
\linenumberwidth=\dimen160
\c@linenumber=\count295
\c@pagewiselinenumber=\count296
\c@LN@truepage=\count297
\c@internallinenumber=\count298
\c@internallinenumbers=\count299
\quotelinenumbersep=\dimen161
\bframerule=\dimen162
\bframesep=\dimen163
\bframebox=\box56
\linenoamsmath@ams@eqpen=\count300
LaTeX Info: Redefining \\ on input line 3180.
)
\c@FancyVerbWriteLine=\count301
\c@FancyVerbBufferIndex=\count302
\c@FancyVerbBufferLength=\count303
\c@FancyVerbBufferLine=\count304
\c@FV@oldbufferlength=\count305
\c@FV@TrueTabGroupLevel=\count306
\c@FV@TrueTabCounter=\count307
\FV@TabBox@Group=\box57
\FV@TmpLength=\skip66
\c@FV@HighlightLinesStart=\count308
\c@FV@HighlightLinesStop=\count309
\FV@LoopCount=\count310
\FV@NCharsBox=\box58
\FV@BreakIndent=\dimen164
\FV@BreakIndentNChars=\count311
\FV@BreakSymbolSepLeft=\dimen165
\FV@BreakSymbolSepLeftNChars=\count312
\FV@BreakSymbolSepRight=\dimen166
\FV@BreakSymbolSepRightNChars=\count313
\FV@BreakSymbolIndentLeft=\dimen167
\FV@BreakSymbolIndentLeftNChars=\count314
\FV@BreakSymbolIndentRight=\dimen168
\FV@BreakSymbolIndentRightNChars=\count315
\c@FancyVerbLineBreakLast=\count316
\FV@LineBox=\box59
\FV@LineIndentBox=\box60
\c@FV@BreakBufferDepth=\count317
\FV@LineWidth=\dimen169
) (c:/texlive/2024/texmf-dist/tex/latex/base/ifthen.sty
Package: ifthen 2024/03/16 v1.1e Standard LaTeX ifthen package (DPC)
) (c:/texlive/2024/texmf-dist/tex/latex/tools/shellesc.sty
Package: shellesc 2023/07/08 v1.0d unified shell escape interface for LaTeX
Package shellesc Info: Unrestricted shell escape enabled on input line 75.
) (c:/texlive/2024/texmf-dist/tex/latex/ifplatform/ifplatform.sty
Package: ifplatform 2017/10/13 v0.4a Testing for the operating system
 (c:/texlive/2024/texmf-dist/tex/generic/pdftexcmds/pdftexcmds.sty
Package: pdftexcmds 2020-06-27 v0.33 Utility functions of pdfTeX for LuaTeX (HO)
 (c:/texlive/2024/texmf-dist/tex/generic/infwarerr/infwarerr.sty
Package: infwarerr 2019/12/03 v1.5 Providing info/warning/error messages (HO)
)
Package pdftexcmds Info: \pdf@primitive is available.
Package pdftexcmds Info: \pdf@ifprimitive is available.
Package pdftexcmds Info: \pdfdraftmode found.
) (c:/texlive/2024/texmf-dist/tex/generic/catchfile/catchfile.sty
Package: catchfile 2019/12/09 v1.8 Catch the contents of a file (HO)
 (c:/texlive/2024/texmf-dist/tex/generic/etexcmds/etexcmds.sty
Package: etexcmds 2019/12/15 v1.7 Avoid name clashes with e-TeX commands (HO)
))) (c:/texlive/2024/texmf-dist/tex/generic/xstring/xstring.sty (c:/texlive/2024/texmf-dist/tex/generic/xstring/xstring.tex
\xs_counta=\count318
\xs_countb=\count319
)
Package: xstring 2023/08/22 v1.86 String manipulations (CT)
) (c:/texlive/2024/texmf-dist/tex/latex/framed/framed.sty
Package: framed 2011/10/22 v 0.96: framed or shaded text with page breaks
\OuterFrameSep=\skip67
\fb@frw=\dimen170
\fb@frh=\dimen171
\FrameRule=\dimen172
\FrameSep=\dimen173
) (c:/texlive/2024/texmf-dist/tex/latex/float/float.sty
Package: float 2001/11/08 v1.3d Float enhancements (AL)
\c@float@type=\count320
\float@exts=\toks28
\float@box=\box61
\@float@everytoks=\toks29
\@floatcapt=\box62
)
\minted@appexistsfile=\read3
\minted@bgbox=\box63
\minted@code=\write4
\c@minted@FancyVerbLineTemp=\count321
\c@minted@pygmentizecounter=\count322
\@float@every@listing=\toks30
\c@listing=\count323
)
runsystem(if not exist _minted-report mkdir _minted-report)...executed.

 (c:/texlive/2024/texmf-dist/tex/latex/algorithms/algorithm.sty
Package: algorithm 2009/08/24 v0.1 Document Style `algorithm' - floating environment
\@float@every@algorithm=\toks31
\c@algorithm=\count324
) (c:/texlive/2024/texmf-dist/tex/latex/algorithmicx/algpseudocode.sty
Package: algpseudocode 
 (c:/texlive/2024/texmf-dist/tex/latex/algorithmicx/algorithmicx.sty
Package: algorithmicx 2005/04/27 v1.2 Algorithmicx

Document Style algorithmicx 1.2 - a greatly improved `algorithmic' style
\c@ALG@line=\count325
\c@ALG@rem=\count326
\c@ALG@nested=\count327
\ALG@tlm=\skip68
\ALG@thistlm=\skip69
\c@ALG@Lnr=\count328
\c@ALG@blocknr=\count329
\c@ALG@storecount=\count330
\c@ALG@tmpcounter=\count331
\ALG@tmplength=\skip70
)
Document Style - pseudocode environments for use with the `algorithmicx' style
) (c:/texlive/2024/texmf-dist/tex/latex/hyperref/hyperref.sty
Package: hyperref 2024-07-10 v7.01j Hypertext links for LaTeX
 (c:/texlive/2024/texmf-dist/tex/generic/kvdefinekeys/kvdefinekeys.sty
Package: kvdefinekeys 2019-12-19 v1.6 Define keys (HO)
) (c:/texlive/2024/texmf-dist/tex/generic/pdfescape/pdfescape.sty
Package: pdfescape 2019/12/09 v1.15 Implements pdfTeX's escape features (HO)
) (c:/texlive/2024/texmf-dist/tex/latex/hycolor/hycolor.sty
Package: hycolor 2020-01-27 v1.10 Color options for hyperref/bookmark (HO)
) (c:/texlive/2024/texmf-dist/tex/latex/hyperref/nameref.sty
Package: nameref 2023-11-26 v2.56 Cross-referencing by name of section
 (c:/texlive/2024/texmf-dist/tex/latex/refcount/refcount.sty
Package: refcount 2019/12/15 v3.6 Data extraction from label references (HO)
) (c:/texlive/2024/texmf-dist/tex/generic/gettitlestring/gettitlestring.sty
Package: gettitlestring 2019/12/15 v1.6 Cleanup title references (HO)
)
\c@section@level=\count332
) (c:/texlive/2024/texmf-dist/tex/generic/stringenc/stringenc.sty
Package: stringenc 2019/11/29 v1.12 Convert strings between diff. encodings (HO)
)
\@linkdim=\dimen174
\Hy@linkcounter=\count333
\Hy@pagecounter=\count334
 (c:/texlive/2024/texmf-dist/tex/latex/hyperref/pd1enc.def
File: pd1enc.def 2024-07-10 v7.01j Hyperref: PDFDocEncoding definition (HO)
Now handling font encoding PD1 ...
... no UTF-8 mapping file for font encoding PD1
) (c:/texlive/2024/texmf-dist/tex/generic/intcalc/intcalc.sty
Package: intcalc 2019/12/15 v1.3 Expandable calculations with integers (HO)
)
\Hy@SavedSpaceFactor=\count335
 (c:/texlive/2024/texmf-dist/tex/latex/hyperref/puenc.def
File: puenc.def 2024-07-10 v7.01j Hyperref: PDF Unicode definition (HO)
Now handling font encoding PU ...
... no UTF-8 mapping file for font encoding PU
)
Package hyperref Info: Hyper figures OFF on input line 4157.
Package hyperref Info: Link nesting OFF on input line 4162.
Package hyperref Info: Hyper index ON on input line 4165.
Package hyperref Info: Plain pages OFF on input line 4172.
Package hyperref Info: Backreferencing OFF on input line 4177.
Package hyperref Info: Implicit mode ON; LaTeX internals redefined.
Package hyperref Info: Bookmarks ON on input line 4424.
\c@Hy@tempcnt=\count336
 (c:/texlive/2024/texmf-dist/tex/latex/url/url.sty
\Urlmuskip=\muskip18
Package: url 2013/09/16  ver 3.4  Verb mode for urls, etc.
)
LaTeX Info: Redefining \url on input line 4763.
\XeTeXLinkMargin=\dimen175
 (c:/texlive/2024/texmf-dist/tex/generic/bitset/bitset.sty
Package: bitset 2019/12/09 v1.3 Handle bit-vector datatype (HO)
 (c:/texlive/2024/texmf-dist/tex/generic/bigintcalc/bigintcalc.sty
Package: bigintcalc 2019/12/15 v1.5 Expandable calculations on big integers (HO)
))
\Fld@menulength=\count337
\Field@Width=\dimen176
\Fld@charsize=\dimen177
Package hyperref Info: Hyper figures OFF on input line 6042.
Package hyperref Info: Link nesting OFF on input line 6047.
Package hyperref Info: Hyper index ON on input line 6050.
Package hyperref Info: backreferencing OFF on input line 6057.
Package hyperref Info: Link coloring OFF on input line 6062.
Package hyperref Info: Link coloring with OCG OFF on input line 6067.
Package hyperref Info: PDF/A mode OFF on input line 6072.
 (c:/texlive/2024/texmf-dist/tex/latex/base/atbegshi-ltx.sty
Package: atbegshi-ltx 2021/01/10 v1.0c Emulation of the original atbegshi
package with kernel methods
)
\Hy@abspage=\count338
\c@Item=\count339
\c@Hfootnote=\count340
)
Package hyperref Info: Driver (autodetected): hpdftex.
 (c:/texlive/2024/texmf-dist/tex/latex/hyperref/hpdftex.def
File: hpdftex.def 2024-07-10 v7.01j Hyperref driver for pdfTeX
 (c:/texlive/2024/texmf-dist/tex/latex/base/atveryend-ltx.sty
Package: atveryend-ltx 2020/08/19 v1.0a Emulation of the original atveryend package
with kernel methods
)
\Fld@listcount=\count341
\c@bookmark@seq@number=\count342
 (c:/texlive/2024/texmf-dist/tex/latex/rerunfilecheck/rerunfilecheck.sty
Package: rerunfilecheck 2022-07-10 v1.10 Rerun checks for auxiliary files (HO)
 (c:/texlive/2024/texmf-dist/tex/generic/uniquecounter/uniquecounter.sty
Package: uniquecounter 2019/12/15 v1.4 Provide unlimited unique counter (HO)
)
Package uniquecounter Info: New unique counter `rerunfilecheck' on input line 285.
)
\Hy@SectionHShift=\skip71
) (c:/texlive/2024/texmf-dist/tex/latex/booktabs/booktabs.sty
Package: booktabs 2020/01/12 v1.61803398 Publication quality tables
\heavyrulewidth=\dimen178
\lightrulewidth=\dimen179
\cmidrulewidth=\dimen180
\belowrulesep=\dimen181
\belowbottomsep=\dimen182
\aboverulesep=\dimen183
\abovetopsep=\dimen184
\cmidrulesep=\dimen185
\cmidrulekern=\dimen186
\defaultaddspace=\dimen187
\@cmidla=\count343
\@cmidlb=\count344
\@aboverulesep=\dimen188
\@belowrulesep=\dimen189
\@thisruleclass=\count345
\@lastruleclass=\count346
\@thisrulewidth=\dimen190
) (c:/texlive/2024/texmf-dist/tex/latex/graphics/graphicx.sty
Package: graphicx 2021/09/16 v1.2d Enhanced LaTeX Graphics (DPC,SPQR)
 (c:/texlive/2024/texmf-dist/tex/latex/graphics/graphics.sty
Package: graphics 2024/05/23 v1.4g Standard LaTeX Graphics (DPC,SPQR)
 (c:/texlive/2024/texmf-dist/tex/latex/graphics/trig.sty
Package: trig 2023/12/02 v1.11 sin cos tan (DPC)
) (c:/texlive/2024/texmf-dist/tex/latex/graphics-cfg/graphics.cfg
File: graphics.cfg 2016/06/04 v1.11 sample graphics configuration
)
Package graphics Info: Driver file: pdftex.def on input line 106.
)
\Gin@req@height=\dimen191
\Gin@req@width=\dimen192
) (c:/texlive/2024/texmf-dist/tex/latex/tools/array.sty
Package: array 2024/06/14 v2.6d Tabular extension package (FMi)
\col@sep=\dimen193
\ar@mcellbox=\box64
\extrarowheight=\dimen194
\NC@list=\toks32
\extratabsurround=\skip72
\backup@length=\skip73
\ar@cellbox=\box65
) (c:/texlive/2024/texmf-dist/tex/latex/base/inputenc.sty
Package: inputenc 2024/02/08 v1.3d Input encoding file
\inpenc@prehook=\toks33
\inpenc@posthook=\toks34
) (c:/texlive/2024/texmf-dist/tex/latex/fncychap/fncychap.sty
Package: fncychap 2007/07/30 v1.34 LaTeX package (Revised chapters)
\RW=\skip74
\mylen=\skip75
\myhi=\skip76
\px=\skip77
\py=\skip78
\pyy=\skip79
\pxx=\skip80
\backskip=\skip81
) (c:/texlive/2024/texmf-dist/tex/latex/parskip/parskip.sty
Package: parskip 2021-03-14 v2.0h non-zero parskip adjustments
) (c:/texlive/2024/texmf-dist/tex/latex/setspace/setspace.sty
Package: setspace 2022/12/04 v6.7b set line spacing
) (c:/texlive/2024/texmf-dist/tex/latex/background/background.sty
Package: background 2014/03/04 v2.1 background material
 (c:/texlive/2024/texmf-dist/tex/latex/pgf/frontendlayer/tikz.sty (c:/texlive/2024/texmf-dist/tex/latex/pgf/basiclayer/pgf.sty (c:/texlive/2024/texmf-dist/tex/latex/pgf/utilities/pgfrcs.sty (c:/texlive/2024/texmf-dist/tex/generic/pgf/utilities/pgfutil-common.tex
\pgfutil@everybye=\toks35
\pgfutil@tempdima=\dimen195
\pgfutil@tempdimb=\dimen196
) (c:/texlive/2024/texmf-dist/tex/generic/pgf/utilities/pgfutil-latex.def
\pgfutil@abb=\box66
) (c:/texlive/2024/texmf-dist/tex/generic/pgf/utilities/pgfrcs.code.tex (c:/texlive/2024/texmf-dist/tex/generic/pgf/pgf.revision.tex)
Package: pgfrcs 2023-01-15 v3.1.10 (3.1.10)
))
Package: pgf 2023-01-15 v3.1.10 (3.1.10)
 (c:/texlive/2024/texmf-dist/tex/latex/pgf/basiclayer/pgfcore.sty (c:/texlive/2024/texmf-dist/tex/latex/pgf/systemlayer/pgfsys.sty (c:/texlive/2024/texmf-dist/tex/generic/pgf/systemlayer/pgfsys.code.tex
Package: pgfsys 2023-01-15 v3.1.10 (3.1.10)
 (c:/texlive/2024/texmf-dist/tex/generic/pgf/utilities/pgfkeys.code.tex
\pgfkeys@pathtoks=\toks36
\pgfkeys@temptoks=\toks37
 (c:/texlive/2024/texmf-dist/tex/generic/pgf/utilities/pgfkeyslibraryfiltered.code.tex
\pgfkeys@tmptoks=\toks38
))
\pgf@x=\dimen197
\pgf@y=\dimen198
\pgf@xa=\dimen199
\pgf@ya=\dimen256
\pgf@xb=\dimen257
\pgf@yb=\dimen258
\pgf@xc=\dimen259
\pgf@yc=\dimen260
\pgf@xd=\dimen261
\pgf@yd=\dimen262
\w@pgf@writea=\write5
\r@pgf@reada=\read4
\c@pgf@counta=\count347
\c@pgf@countb=\count348
\c@pgf@countc=\count349
\c@pgf@countd=\count350
\t@pgf@toka=\toks39
\t@pgf@tokb=\toks40
\t@pgf@tokc=\toks41
\pgf@sys@id@count=\count351
 (c:/texlive/2024/texmf-dist/tex/generic/pgf/systemlayer/pgf.cfg
File: pgf.cfg 2023-01-15 v3.1.10 (3.1.10)
)
Driver file for pgf: pgfsys-pdftex.def
 (c:/texlive/2024/texmf-dist/tex/generic/pgf/systemlayer/pgfsys-pdftex.def
File: pgfsys-pdftex.def 2023-01-15 v3.1.10 (3.1.10)
 (c:/texlive/2024/texmf-dist/tex/generic/pgf/systemlayer/pgfsys-common-pdf.def
File: pgfsys-common-pdf.def 2023-01-15 v3.1.10 (3.1.10)
))) (c:/texlive/2024/texmf-dist/tex/generic/pgf/systemlayer/pgfsyssoftpath.code.tex
File: pgfsyssoftpath.code.tex 2023-01-15 v3.1.10 (3.1.10)
\pgfsyssoftpath@smallbuffer@items=\count352
\pgfsyssoftpath@bigbuffer@items=\count353
) (c:/texlive/2024/texmf-dist/tex/generic/pgf/systemlayer/pgfsysprotocol.code.tex
File: pgfsysprotocol.code.tex 2023-01-15 v3.1.10 (3.1.10)
)) (c:/texlive/2024/texmf-dist/tex/generic/pgf/basiclayer/pgfcore.code.tex
Package: pgfcore 2023-01-15 v3.1.10 (3.1.10)
 (c:/texlive/2024/texmf-dist/tex/generic/pgf/math/pgfmath.code.tex (c:/texlive/2024/texmf-dist/tex/generic/pgf/math/pgfmathutil.code.tex) (c:/texlive/2024/texmf-dist/tex/generic/pgf/math/pgfmathparser.code.tex
\pgfmath@dimen=\dimen263
\pgfmath@count=\count354
\pgfmath@box=\box67
\pgfmath@toks=\toks42
\pgfmath@stack@operand=\toks43
\pgfmath@stack@operation=\toks44
) (c:/texlive/2024/texmf-dist/tex/generic/pgf/math/pgfmathfunctions.code.tex) (c:/texlive/2024/texmf-dist/tex/generic/pgf/math/pgfmathfunctions.basic.code.tex) (c:/texlive/2024/texmf-dist/tex/generic/pgf/math/pgfmathfunctions.trigonometric.code.tex) (c:/texlive/2024/texmf-dist/tex/generic/pgf/math/pgfmathfunctions.random.code.tex) (c:/texlive/2024/texmf-dist/tex/generic/pgf/math/pgfmathfunctions.comparison.code.tex) (c:/texlive/2024/texmf-dist/tex/generic/pgf/math/pgfmathfunctions.base.code.tex) (c:/texlive/2024/texmf-dist/tex/generic/pgf/math/pgfmathfunctions.round.code.tex) (c:/texlive/2024/texmf-dist/tex/generic/pgf/math/pgfmathfunctions.misc.code.tex) (c:/texlive/2024/texmf-dist/tex/generic/pgf/math/pgfmathfunctions.integerarithmetics.code.tex) (c:/texlive/2024/texmf-dist/tex/generic/pgf/math/pgfmathcalc.code.tex) (c:/texlive/2024/texmf-dist/tex/generic/pgf/math/pgfmathfloat.code.tex
\c@pgfmathroundto@lastzeros=\count355
)) (c:/texlive/2024/texmf-dist/tex/generic/pgf/math/pgfint.code.tex) (c:/texlive/2024/texmf-dist/tex/generic/pgf/basiclayer/pgfcorepoints.code.tex
File: pgfcorepoints.code.tex 2023-01-15 v3.1.10 (3.1.10)
\pgf@picminx=\dimen264
\pgf@picmaxx=\dimen265
\pgf@picminy=\dimen266
\pgf@picmaxy=\dimen267
\pgf@pathminx=\dimen268
\pgf@pathmaxx=\dimen269
\pgf@pathminy=\dimen270
\pgf@pathmaxy=\dimen271
\pgf@xx=\dimen272
\pgf@xy=\dimen273
\pgf@yx=\dimen274
\pgf@yy=\dimen275
\pgf@zx=\dimen276
\pgf@zy=\dimen277
) (c:/texlive/2024/texmf-dist/tex/generic/pgf/basiclayer/pgfcorepathconstruct.code.tex
File: pgfcorepathconstruct.code.tex 2023-01-15 v3.1.10 (3.1.10)
\pgf@path@lastx=\dimen278
\pgf@path@lasty=\dimen279
) (c:/texlive/2024/texmf-dist/tex/generic/pgf/basiclayer/pgfcorepathusage.code.tex
File: pgfcorepathusage.code.tex 2023-01-15 v3.1.10 (3.1.10)
\pgf@shorten@end@additional=\dimen280
\pgf@shorten@start@additional=\dimen281
) (c:/texlive/2024/texmf-dist/tex/generic/pgf/basiclayer/pgfcorescopes.code.tex
File: pgfcorescopes.code.tex 2023-01-15 v3.1.10 (3.1.10)
\pgfpic=\box68
\pgf@hbox=\box69
\pgf@layerbox@main=\box70
\pgf@picture@serial@count=\count356
) (c:/texlive/2024/texmf-dist/tex/generic/pgf/basiclayer/pgfcoregraphicstate.code.tex
File: pgfcoregraphicstate.code.tex 2023-01-15 v3.1.10 (3.1.10)
\pgflinewidth=\dimen282
) (c:/texlive/2024/texmf-dist/tex/generic/pgf/basiclayer/pgfcoretransformations.code.tex
File: pgfcoretransformations.code.tex 2023-01-15 v3.1.10 (3.1.10)
\pgf@pt@x=\dimen283
\pgf@pt@y=\dimen284
\pgf@pt@temp=\dimen285
) (c:/texlive/2024/texmf-dist/tex/generic/pgf/basiclayer/pgfcorequick.code.tex
File: pgfcorequick.code.tex 2023-01-15 v3.1.10 (3.1.10)
) (c:/texlive/2024/texmf-dist/tex/generic/pgf/basiclayer/pgfcoreobjects.code.tex
File: pgfcoreobjects.code.tex 2023-01-15 v3.1.10 (3.1.10)
) (c:/texlive/2024/texmf-dist/tex/generic/pgf/basiclayer/pgfcorepathprocessing.code.tex
File: pgfcorepathprocessing.code.tex 2023-01-15 v3.1.10 (3.1.10)
) (c:/texlive/2024/texmf-dist/tex/generic/pgf/basiclayer/pgfcorearrows.code.tex
File: pgfcorearrows.code.tex 2023-01-15 v3.1.10 (3.1.10)
\pgfarrowsep=\dimen286
) (c:/texlive/2024/texmf-dist/tex/generic/pgf/basiclayer/pgfcoreshade.code.tex
File: pgfcoreshade.code.tex 2023-01-15 v3.1.10 (3.1.10)
\pgf@max=\dimen287
\pgf@sys@shading@range@num=\count357
\pgf@shadingcount=\count358
) (c:/texlive/2024/texmf-dist/tex/generic/pgf/basiclayer/pgfcoreimage.code.tex
File: pgfcoreimage.code.tex 2023-01-15 v3.1.10 (3.1.10)
) (c:/texlive/2024/texmf-dist/tex/generic/pgf/basiclayer/pgfcoreexternal.code.tex
File: pgfcoreexternal.code.tex 2023-01-15 v3.1.10 (3.1.10)
\pgfexternal@startupbox=\box71
) (c:/texlive/2024/texmf-dist/tex/generic/pgf/basiclayer/pgfcorelayers.code.tex
File: pgfcorelayers.code.tex 2023-01-15 v3.1.10 (3.1.10)
) (c:/texlive/2024/texmf-dist/tex/generic/pgf/basiclayer/pgfcoretransparency.code.tex
File: pgfcoretransparency.code.tex 2023-01-15 v3.1.10 (3.1.10)
) (c:/texlive/2024/texmf-dist/tex/generic/pgf/basiclayer/pgfcorepatterns.code.tex
File: pgfcorepatterns.code.tex 2023-01-15 v3.1.10 (3.1.10)
) (c:/texlive/2024/texmf-dist/tex/generic/pgf/basiclayer/pgfcorerdf.code.tex
File: pgfcorerdf.code.tex 2023-01-15 v3.1.10 (3.1.10)
))) (c:/texlive/2024/texmf-dist/tex/generic/pgf/modules/pgfmoduleshapes.code.tex
File: pgfmoduleshapes.code.tex 2023-01-15 v3.1.10 (3.1.10)
\pgfnodeparttextbox=\box72
) (c:/texlive/2024/texmf-dist/tex/generic/pgf/modules/pgfmoduleplot.code.tex
File: pgfmoduleplot.code.tex 2023-01-15 v3.1.10 (3.1.10)
) (c:/texlive/2024/texmf-dist/tex/latex/pgf/compatibility/pgfcomp-version-0-65.sty
Package: pgfcomp-version-0-65 2023-01-15 v3.1.10 (3.1.10)
\pgf@nodesepstart=\dimen288
\pgf@nodesepend=\dimen289
) (c:/texlive/2024/texmf-dist/tex/latex/pgf/compatibility/pgfcomp-version-1-18.sty
Package: pgfcomp-version-1-18 2023-01-15 v3.1.10 (3.1.10)
)) (c:/texlive/2024/texmf-dist/tex/latex/pgf/utilities/pgffor.sty (c:/texlive/2024/texmf-dist/tex/latex/pgf/utilities/pgfkeys.sty (c:/texlive/2024/texmf-dist/tex/generic/pgf/utilities/pgfkeys.code.tex)) (c:/texlive/2024/texmf-dist/tex/latex/pgf/math/pgfmath.sty (c:/texlive/2024/texmf-dist/tex/generic/pgf/math/pgfmath.code.tex)) (c:/texlive/2024/texmf-dist/tex/generic/pgf/utilities/pgffor.code.tex
Package: pgffor 2023-01-15 v3.1.10 (3.1.10)
\pgffor@iter=\dimen290
\pgffor@skip=\dimen291
\pgffor@stack=\toks45
\pgffor@toks=\toks46
)) (c:/texlive/2024/texmf-dist/tex/generic/pgf/frontendlayer/tikz/tikz.code.tex
Package: tikz 2023-01-15 v3.1.10 (3.1.10)
 (c:/texlive/2024/texmf-dist/tex/generic/pgf/libraries/pgflibraryplothandlers.code.tex
File: pgflibraryplothandlers.code.tex 2023-01-15 v3.1.10 (3.1.10)
\pgf@plot@mark@count=\count359
\pgfplotmarksize=\dimen292
)
\tikz@lastx=\dimen293
\tikz@lasty=\dimen294
\tikz@lastxsaved=\dimen295
\tikz@lastysaved=\dimen296
\tikz@lastmovetox=\dimen297
\tikz@lastmovetoy=\dimen298
\tikzleveldistance=\dimen299
\tikzsiblingdistance=\dimen300
\tikz@figbox=\box73
\tikz@figbox@bg=\box74
\tikz@tempbox=\box75
\tikz@tempbox@bg=\box76
\tikztreelevel=\count360
\tikznumberofchildren=\count361
\tikznumberofcurrentchild=\count362
\tikz@fig@count=\count363
 (c:/texlive/2024/texmf-dist/tex/generic/pgf/modules/pgfmodulematrix.code.tex
File: pgfmodulematrix.code.tex 2023-01-15 v3.1.10 (3.1.10)
\pgfmatrixcurrentrow=\count364
\pgfmatrixcurrentcolumn=\count365
\pgf@matrix@numberofcolumns=\count366
)
\tikz@expandcount=\count367
 (c:/texlive/2024/texmf-dist/tex/generic/pgf/frontendlayer/tikz/libraries/tikzlibrarytopaths.code.tex
File: tikzlibrarytopaths.code.tex 2023-01-15 v3.1.10 (3.1.10)
))) (c:/texlive/2024/texmf-dist/tex/latex/everypage/everypage.sty
Package: everypage 2020/10/17 R2.0b Hooks to run on every page


Package everypage Warning: Functionality similar to this package has recently
(everypage)                been implemented in LaTeX. This package is now in
(everypage)                legacy status.
(everypage)                Please, don't use it in new documents and packages.


Package everypage Warning: You appear to be running a version of LaTeX
(everypage)                providing the new functionality.
(everypage)                Doing the best to deliver the original `everypage`
(everypage)                interface on top of it. Strict equivalence is
(everypage)                not possible, breakage may occur.
(everypage)                If truly needed, Use `everypage-1x` to force the
(everypage)                loading of an older code base.

) (c:/texlive/2024/texmf-dist/tex/latex/tools/afterpage.sty
Package: afterpage 2023/07/04 v1.08 After-Page Package (DPC)
\AP@output=\toks47
\AP@partial=\box77
\AP@footins=\box78
))
LaTeX Font Info:    Trying to load font information for T1+phv on input line 15.
 (c:/texlive/2024/texmf-dist/tex/latex/psnfss/t1phv.fd
File: t1phv.fd 2020/03/25 scalable font definitions for T1/phv.
)
LaTeX Font Info:    Trying to load font information for T1+txtt on input line 17.
 (c:/texlive/2024/texmf-dist/tex/latex/txfonts/t1txtt.fd
File: t1txtt.fd 2000/12/15 v3.1
) (c:/texlive/2024/texmf-dist/tex/latex/listings/listings.sty
\lst@mode=\count368
\lst@gtempboxa=\box79
\lst@token=\toks48
\lst@length=\count369
\lst@currlwidth=\dimen301
\lst@column=\count370
\lst@pos=\count371
\lst@lostspace=\dimen302
\lst@width=\dimen303
\lst@newlines=\count372
\lst@lineno=\count373
\lst@maxwidth=\dimen304
 (c:/texlive/2024/texmf-dist/tex/latex/listings/lstpatch.sty
File: lstpatch.sty 2024/05/25 1.10b (Carsten Heinz)
) (c:/texlive/2024/texmf-dist/tex/latex/listings/lstmisc.sty
File: lstmisc.sty 2024/05/25 1.10b (Carsten Heinz)
\c@lstnumber=\count374
\lst@skipnumbers=\count375
\lst@framebox=\box80
) (c:/texlive/2024/texmf-dist/tex/latex/listings/listings.cfg
File: listings.cfg 2024/05/25 1.10b listings configuration
))
Package: listings 2024/05/25 1.10b (Carsten Heinz)
runsystem(for ^%i in (pygmentize.exe pygmentize.bat pygmentize.cmd) do set > report.aex <nul: /p x=^%~$PATH:i>> report.aex)...executed.

runsystem(del report.aex)...executed.

LaTeX Font Info:    Trying to load font information for OT1+EBGaramond-OsF on input line 80.
 (c:/texlive/2024/texmf-dist/tex/latex/ebgaramond/OT1EBGaramond-OsF.fd
File: OT1EBGaramond-OsF.fd 2023/03/19 (autoinst) Font definitions for OT1/EBGaramond-OsF.
)
LaTeX Font Info:    Font shape `OT1/EBGaramond-OsF/m/n' will be
(Font)              scaled to size 12.0pt on input line 80.
 (./report.aux)
\openout1 = `report.aux'.

LaTeX Font Info:    Checking defaults for OML/EBGaramond-Maths/m/it on input line 80.
LaTeX Font Info:    Trying to load font information for OML+EBGaramond-Maths on input line 80.
 (c:/texlive/2024/texmf-dist/tex/latex/ebgaramond-maths/OMLEBGaramond-Maths.fd
File: OMLEBGaramond-Maths.fd 2019/09/24 font definitions for OML/EBGaramond-Maths.
)
LaTeX Font Info:    ... okay on input line 80.
LaTeX Font Info:    Checking defaults for OMS/cmsy/m/n on input line 80.
LaTeX Font Info:    ... okay on input line 80.
LaTeX Font Info:    Checking defaults for OT1/EBGaramond-LF/m/n on input line 80.
LaTeX Font Info:    Trying to load font information for OT1+EBGaramond-LF on input line 80.
 (c:/texlive/2024/texmf-dist/tex/latex/ebgaramond/OT1EBGaramond-LF.fd
File: OT1EBGaramond-LF.fd 2023/03/19 (autoinst) Font definitions for OT1/EBGaramond-LF.
)
LaTeX Font Info:    ... okay on input line 80.
LaTeX Font Info:    Checking defaults for T1/cmr/m/n on input line 80.
LaTeX Font Info:    ... okay on input line 80.
LaTeX Font Info:    Checking defaults for TS1/cmr/m/n on input line 80.
LaTeX Font Info:    ... okay on input line 80.
LaTeX Font Info:    Checking defaults for OMX/cmex/m/n on input line 80.
LaTeX Font Info:    ... okay on input line 80.
LaTeX Font Info:    Checking defaults for U/cmr/m/n on input line 80.
LaTeX Font Info:    ... okay on input line 80.
LaTeX Font Info:    Checking defaults for PD1/pdf/m/n on input line 80.
LaTeX Font Info:    ... okay on input line 80.
LaTeX Font Info:    Checking defaults for PU/pdf/m/n on input line 80.
LaTeX Font Info:    ... okay on input line 80.

*geometry* driver: auto-detecting
*geometry* detected driver: pdftex
*geometry* verbose mode - [ preamble ] result:
* driver: pdftex
* paper: <default>
* layout: <same size as paper>
* layoutoffset:(h,v)=(0.0pt,0.0pt)
* modes: 
* h-part:(L,W,R)=(36.135pt, 542.02501pt, 36.135pt)
* v-part:(T,H,B)=(72.26999pt, 650.43001pt, 72.26999pt)
* \paperwidth=614.295pt
* \paperheight=794.96999pt
* \textwidth=542.02501pt
* \textheight=650.43001pt
* \oddsidemargin=-36.135pt
* \evensidemargin=-36.135pt
* \topmargin=-37.0pt
* \headheight=28.0pt
* \headsep=25.0pt
* \topskip=12.0pt
* \footskip=30.0pt
* \marginparwidth=44.0pt
* \marginparsep=10.0pt
* \columnsep=10.0pt
* \skip\footins=10.8pt plus 4.0pt minus 2.0pt
* \hoffset=0.0pt
* \voffset=0.0pt
* \mag=1000
* \@twocolumnfalse
* \@twosidefalse
* \@mparswitchfalse
* \@reversemarginfalse
* (1in=72.27pt=25.4mm, 1cm=28.453pt)

\c@mv@tabular=\count376
\c@mv@boldtabular=\count377
(c:/texlive/2024/texmf-dist/tex/context/base/mkii/supp-pdf.mkii
[Loading MPS to PDF converter (version 2006.09.02).]
\scratchcounter=\count378
\scratchdimen=\dimen305
\scratchbox=\box81
\nofMPsegments=\count379
\nofMParguments=\count380
\everyMPshowfont=\toks49
\MPscratchCnt=\count381
\MPscratchDim=\dimen306
\MPnumerator=\count382
\makeMPintoPDFobject=\count383
\everyMPtoPDFconversion=\toks50
) (c:/texlive/2024/texmf-dist/tex/latex/epstopdf-pkg/epstopdf-base.sty
Package: epstopdf-base 2020-01-24 v2.11 Base part for package epstopdf
Package epstopdf-base Info: Redefining graphics rule for `.eps' on input line 485.
 (c:/texlive/2024/texmf-dist/tex/latex/latexconfig/epstopdf-sys.cfg
File: epstopdf-sys.cfg 2010/07/13 v1.3 Configuration of (r)epstopdf for TeX Live
))
Package hyperref Info: Link coloring OFF on input line 80.
 (./report.out) (./report.out)
\@outlinefile=\write6
\openout6 = `report.out'.

\c@lstlisting=\count384
LaTeX Font Info:    Font shape `OT1/EBGaramond-OsF/m/sc' will be
(Font)              scaled to size 12.0pt on input line 87.
LaTeX Font Info:    Font shape `OT1/EBGaramond-OsF/m/sc' will be
(Font)              scaled to size 20.74pt on input line 87.
LaTeX Font Info:    Font shape `OT1/EBGaramond-OsF/b/sc' will be
(Font)              scaled to size 20.74pt on input line 87.
LaTeX Font Info:    Font shape `OT1/EBGaramond-OsF/m/sc' will be
(Font)              scaled to size 14.4pt on input line 91.
LaTeX Font Info:    Font shape `OT1/EBGaramond-OsF/m/n' will be
(Font)              scaled to size 24.88pt on input line 95.
LaTeX Font Info:    Font shape `OT1/EBGaramond-OsF/b/n' will be
(Font)              scaled to size 24.88pt on input line 95.
LaTeX Font Info:    Font shape `OT1/EBGaramond-OsF/m/n' will be
(Font)              scaled to size 14.4pt on input line 103.
LaTeX Font Info:    Font shape `OT1/EBGaramond-OsF/m/it' will be
(Font)              scaled to size 14.4pt on input line 104.
LaTeX Font Info:    Font shape `OT1/EBGaramond-OsF/b/sc' will be
(Font)              scaled to size 14.4pt on input line 105.
LaTeX Font Info:    Font shape `OT1/EBGaramond-LF/m/n' will be
(Font)              scaled to size 12.0pt on input line 112.
LaTeX Font Info:    Font shape `OT1/EBGaramond-LF/m/n' will be
(Font)              scaled to size 8.0pt on input line 112.
LaTeX Font Info:    Font shape `OT1/EBGaramond-LF/m/n' will be
(Font)              scaled to size 6.0pt on input line 112.
LaTeX Font Info:    Trying to load font information for U+msa on input line 112.
 (c:/texlive/2024/texmf-dist/tex/latex/amsfonts/umsa.fd
File: umsa.fd 2013/01/14 v3.01 AMS symbols A
)
LaTeX Font Info:    Trying to load font information for U+msb on input line 112.
 (c:/texlive/2024/texmf-dist/tex/latex/amsfonts/umsb.fd
File: umsb.fd 2013/01/14 v3.01 AMS symbols B
)
LaTeX Font Info:    Font shape `OT1/EBGaramond-OsF/b/n' will be
(Font)              scaled to size 14.4pt on input line 118.


[1

{c:/texlive/2024/texmf-var/fonts/map/pdftex/updmap/pdftex.map}{c:/texlive/2024/texmf-dist/fonts/enc/dvips/ebgaramond/ebg_4a6c3c.enc}{c:/texlive/2024/texmf-dist/fonts/enc/dvips/ebgaramond/ebg_qn2lct.enc}{c:/texlive/2024/texmf-dist/fonts/enc/dvips/ebgaramond/ebg_ne3tkd.enc}]
LaTeX Font Info:    Font shape `OT1/EBGaramond-OsF/b/n' will be
(Font)              scaled to size 12.0pt on input line 132.
LaTeX Font Info:    Font shape `OT1/EBGaramond-OsF/b/n' will be
(Font)              scaled to size 17.28pt on input line 132.
LaTeX Font Info:    Font shape `OT1/EBGaramond-OsF/m/n' will be
(Font)              scaled to size 17.28pt on input line 132.
 (./report.toc


pdfTeX warning (ext4): destination with the same identifier (name{page.1}) has been already used, duplicate ignored
<to be read again> 
                   \relax 
l.20 ...V.7}Normalizing features}{18}{section.4.7}
                                                  % [1


]
Overfull \hbox (3.57599pt too wide) detected at line 34
\OT1/EBGaramond-OsF/b/n/12 VIII 
 []


Overfull \hbox (0.74394pt too wide) detected at line 36
\OT1/EBGaramond-OsF/m/n/12 VIII.2 
 []

)
\tf@toc=\write7
\openout7 = `report.toc'.



[2]
Section I.


[3

]
LaTeX Font Info:    Trying to load font information for TS1+EBGaramond-OsF on input line 162.
 (c:/texlive/2024/texmf-dist/tex/latex/ebgaramond/TS1EBGaramond-OsF.fd
File: TS1EBGaramond-OsF.fd 2023/03/19 (autoinst) Font definitions for TS1/EBGaramond-OsF.
)
LaTeX Font Info:    Font shape `TS1/EBGaramond-OsF/m/n' will be
(Font)              scaled to size 12.0pt on input line 162.


[4{c:/texlive/2024/texmf-dist/fonts/enc/dvips/ebgaramond/ebg_yod6vr.enc}]

[5]
Section II.


[6

]

[7]

[8]
Section III.

Underfull \hbox (badness 10000) in paragraph at lines 226--229

 []


Underfull \hbox (badness 10000) in paragraph at lines 226--229

 []



[9

]
<all_feature_viz.png, id=288, 1798.8003pt x 1345.6674pt>
File: all_feature_viz.png Graphic file (type png)
<use all_feature_viz.png>
Package pdftex.def Info: all_feature_viz.png  used on input line 283.
(pdftex.def)             Requested size: 401.0072pt x 300.0pt.


[10]

[11 <./all_feature_viz.png>]
Section IV.
(c:/texlive/2024/texmf-dist/tex/latex/listings/lstlang1.sty
File: lstlang1.sty 2024/05/25 1.10b listings language file
)
<box_plots_before.png, id=300, 1582.713pt x 1167.8832pt>
File: box_plots_before.png Graphic file (type png)
<use box_plots_before.png>
Package pdftex.def Info: box_plots_before.png  used on input line 317.
(pdftex.def)             Requested size: 406.54488pt x 300.0pt.

Underfull \hbox (badness 10000) in paragraph at lines 314--320

 []



[12

]
<box_plots_after.png, id=308, 1582.713pt x 1167.8832pt>
File: box_plots_after.png Graphic file (type png)
<use box_plots_after.png>
Package pdftex.def Info: box_plots_after.png  used on input line 324.
(pdftex.def)             Requested size: 406.54488pt x 300.0pt.


[13 <./box_plots_before.png>]
<imbalance_check.png, id=316, 412.6617pt x 312.9291pt>
File: imbalance_check.png Graphic file (type png)
<use imbalance_check.png>
Package pdftex.def Info: imbalance_check.png  used on input line 334.
(pdftex.def)             Requested size: 158.24242pt x 120.0pt.


[14 <./box_plots_after.png> <./imbalance_check.png>]
<corr_viz.png, id=325, 716.1957pt x 667.0521pt>
File: corr_viz.png Graphic file (type png)
<use corr_viz.png>
Package pdftex.def Info: corr_viz.png  used on input line 343.
(pdftex.def)             Requested size: 450.95433pt x 420.0pt.


[15 <./corr_viz.png>]
<corr_viz_after_fe.png, id=332, 716.1957pt x 667.0521pt>
File: corr_viz_after_fe.png Graphic file (type png)
<use corr_viz_after_fe.png>
Package pdftex.def Info: corr_viz_after_fe.png  used on input line 377.
(pdftex.def)             Requested size: 450.95433pt x 420.0pt.


[16]
Overfull \hbox (2.66534pt too wide) in paragraph at lines 385--392
\OT1/EBGaramond-OsF/m/n/12 The [][][] method from [][][][][] is used with the scor-ing func-tion [][][], which
 []



[17 <./corr_viz_after_fe.png>]
<nrmlz_plots.png, id=349, 1438.173pt x 1076.823pt>
File: nrmlz_plots.png Graphic file (type png)
<use nrmlz_plots.png>
Package pdftex.def Info: nrmlz_plots.png  used on input line 398.
(pdftex.def)             Requested size: 400.66678pt x 300.0pt.
<nrmlz_px_ba.png, id=350, 859.2903pt x 426.393pt>
File: nrmlz_px_ba.png Graphic file (type png)
<use nrmlz_px_ba.png>
Package pdftex.def Info: nrmlz_px_ba.png  used on input line 406.
(pdftex.def)             Requested size: 241.81903pt x 120.0pt.


[18{c:/texlive/2024/texmf-dist/fonts/enc/dvips/ebgaramond/ebg_dacnth.enc}{c:/texlive/2024/texmf-dist/fonts/enc/dvips/ebgaramond-maths/a_w5zv5t.enc} <./nrmlz_plots.png>]
<nrmlz_screen_ba.png, id=360, 859.2903pt x 426.393pt>
File: nrmlz_screen_ba.png Graphic file (type png)
<use nrmlz_screen_ba.png>
Package pdftex.def Info: nrmlz_screen_ba.png  used on input line 412.
(pdftex.def)             Requested size: 241.81903pt x 120.0pt.


[19 <./nrmlz_px_ba.png> <./nrmlz_screen_ba.png>]
Section V.


[20

]

[21]

[22]
Section VI.


[23

]
Underfull \hbox (badness 10000) in paragraph at lines 506--507
[]|\OT1/EBGaramond-OsF/b/n/12 Best
 []


Underfull \hbox (badness 10000) in paragraph at lines 508--508
[]|\OT1/EBGaramond-OsF/m/n/12 Logistic Re-gres-
 []

LaTeX Font Info:    Trying to load font information for OMS+EBGaramond-OsF on input line 508.
LaTeX Font Info:    No file OMSEBGaramond-OsF.fd. on input line 508.

LaTeX Font Warning: Font shape `OMS/EBGaramond-OsF/m/n' undefined
(Font)              using `OMS/cmsy/m/n' instead
(Font)              for symbol `textbraceleft' on input line 508.


Underfull \hbox (badness 10000) in paragraph at lines 524--525

 []



[24]

[25]
Section VII.
<lc_LR.png, id=434, 287.6346pt x 228.3732pt>
File: lc_LR.png Graphic file (type png)
<use lc_LR.png>
Package pdftex.def Info: lc_LR.png  used on input line 551.
(pdftex.def)             Requested size: 181.37752pt x 144.0pt.
<lc_tuned_LR.png, id=435, 316.5426pt x 228.3732pt>
File: lc_tuned_LR.png Graphic file (type png)
<use lc_tuned_LR.png>
Package pdftex.def Info: lc_tuned_LR.png  used on input line 558.
(pdftex.def)             Requested size: 199.60643pt x 144.0pt.


[26

]
<lc_KNN.png, id=440, 281.853pt x 228.3732pt>
File: lc_KNN.png Graphic file (type png)
<use lc_KNN.png>
Package pdftex.def Info: lc_KNN.png  used on input line 568.
(pdftex.def)             Requested size: 177.73175pt x 144.0pt.
<lc_tuned_KNN.png, id=441, 281.853pt x 228.3732pt>
File: lc_tuned_KNN.png Graphic file (type png)
<use lc_tuned_KNN.png>
Package pdftex.def Info: lc_tuned_KNN.png  used on input line 575.
(pdftex.def)             Requested size: 177.73175pt x 144.0pt.
<lc_RF.png, id=442, 281.853pt x 228.3732pt>
File: lc_RF.png Graphic file (type png)
<use lc_RF.png>
Package pdftex.def Info: lc_RF.png  used on input line 585.
(pdftex.def)             Requested size: 177.73175pt x 144.0pt.
<lc_tuned_RF.png, id=443, 304.2567pt x 228.3732pt>
File: lc_tuned_RF.png Graphic file (type png)
<use lc_tuned_RF.png>
Package pdftex.def Info: lc_tuned_RF.png  used on input line 592.
(pdftex.def)             Requested size: 191.85915pt x 144.0pt.
<lc_DT.png, id=444, 281.853pt x 228.3732pt>
File: lc_DT.png Graphic file (type png)
<use lc_DT.png>
Package pdftex.def Info: lc_DT.png  used on input line 602.
(pdftex.def)             Requested size: 177.73175pt x 144.0pt.
<lc_tuned_DT.png, id=445, 299.1978pt x 228.3732pt>
File: lc_tuned_DT.png Graphic file (type png)
<use lc_tuned_DT.png>
Package pdftex.def Info: lc_tuned_DT.png  used on input line 609.
(pdftex.def)             Requested size: 188.66908pt x 144.0pt.


[27 <./lc_LR.png> <./lc_tuned_LR.png> <./lc_KNN.png> <./lc_tuned_KNN.png> <./lc_RF.png> <./lc_tuned_RF.png>]
<lc_SVM.png, id=462, 281.853pt x 228.3732pt>
File: lc_SVM.png Graphic file (type png)
<use lc_SVM.png>
Package pdftex.def Info: lc_SVM.png  used on input line 619.
(pdftex.def)             Requested size: 177.73175pt x 144.0pt.
<lc_tuned_SVM.png, id=463, 281.853pt x 228.3732pt>
File: lc_tuned_SVM.png Graphic file (type png)
<use lc_tuned_SVM.png>
Package pdftex.def Info: lc_tuned_SVM.png  used on input line 626.
(pdftex.def)             Requested size: 177.73175pt x 144.0pt.
<lc_XG.png, id=464, 281.853pt x 228.3732pt>
File: lc_XG.png Graphic file (type png)
<use lc_XG.png>
Package pdftex.def Info: lc_XG.png  used on input line 636.
(pdftex.def)             Requested size: 177.73175pt x 144.0pt.
<lc_tuned_XG.png, id=465, 284.7438pt x 228.3732pt>
File: lc_tuned_XG.png Graphic file (type png)
<use lc_tuned_XG.png>
Package pdftex.def Info: lc_tuned_XG.png  used on input line 643.
(pdftex.def)             Requested size: 179.55464pt x 144.0pt.


[28 <./lc_DT.png> <./lc_tuned_DT.png> <./lc_SVM.png> <./lc_tuned_SVM.png> <./lc_XG.png> <./lc_tuned_XG.png>]
<cmat_LR.png, id=482, 270.2898pt x 228.3732pt>
File: cmat_LR.png Graphic file (type png)
<use cmat_LR.png>
Package pdftex.def Info: cmat_LR.png  used on input line 701.
(pdftex.def)             Requested size: 170.44019pt x 144.0pt.
<cmat_tuned_LR.png, id=483, 329.5512pt x 228.3732pt>
File: cmat_tuned_LR.png Graphic file (type png)
<use cmat_tuned_LR.png>
Package pdftex.def Info: cmat_tuned_LR.png  used on input line 708.
(pdftex.def)             Requested size: 207.80942pt x 144.0pt.


[29]
<cmat_KNN.png, id=488, 263.7855pt x 228.3732pt>
File: cmat_KNN.png Graphic file (type png)
<use cmat_KNN.png>
Package pdftex.def Info: cmat_KNN.png  used on input line 718.
(pdftex.def)             Requested size: 166.33868pt x 144.0pt.
<cmat_tuned_KNN.png, id=489, 263.7855pt x 228.3732pt>
File: cmat_tuned_KNN.png Graphic file (type png)
<use cmat_tuned_KNN.png>
Package pdftex.def Info: cmat_tuned_KNN.png  used on input line 725.
(pdftex.def)             Requested size: 166.33868pt x 144.0pt.

Underfull \hbox (badness 6808) in paragraph at lines 726--726
[]\OT1/EBGaramond-OsF/m/n/12 Figure VII.16: []Confusion Ma-trix for K-Nearest
 []

<cmat_RF.png, id=490, 270.2898pt x 228.3732pt>
File: cmat_RF.png Graphic file (type png)
<use cmat_RF.png>
Package pdftex.def Info: cmat_RF.png  used on input line 736.
(pdftex.def)             Requested size: 170.44019pt x 144.0pt.
<cmat_tuned_RF.png, id=491, 304.2567pt x 228.3732pt>
File: cmat_tuned_RF.png Graphic file (type png)
<use cmat_tuned_RF.png>
Package pdftex.def Info: cmat_tuned_RF.png  used on input line 743.
(pdftex.def)             Requested size: 191.85915pt x 144.0pt.
<cmat_DT.png, id=492, 270.2898pt x 228.3732pt>
File: cmat_DT.png Graphic file (type png)
<use cmat_DT.png>
Package pdftex.def Info: cmat_DT.png  used on input line 753.
(pdftex.def)             Requested size: 170.44019pt x 144.0pt.
<cmat_tuned_DT.png, id=493, 294.1389pt x 228.3732pt>
File: cmat_tuned_DT.png Graphic file (type png)
<use cmat_tuned_DT.png>
Package pdftex.def Info: cmat_tuned_DT.png  used on input line 760.
(pdftex.def)             Requested size: 185.47902pt x 144.0pt.
<cmat_SVM.png, id=494, 270.2898pt x 228.3732pt>
File: cmat_SVM.png Graphic file (type png)
<use cmat_SVM.png>
Package pdftex.def Info: cmat_SVM.png  used on input line 769.
(pdftex.def)             Requested size: 170.44019pt x 144.0pt.
<cmat_tuned_SVM.png, id=495, 270.2898pt x 228.3732pt>
File: cmat_tuned_SVM.png Graphic file (type png)
<use cmat_tuned_SVM.png>
Package pdftex.def Info: cmat_tuned_SVM.png  used on input line 776.
(pdftex.def)             Requested size: 170.44019pt x 144.0pt.


[30 <./cmat_LR.png> <./cmat_tuned_LR.png> <./cmat_KNN.png> <./cmat_tuned_KNN.png> <./cmat_RF.png> <./cmat_tuned_RF.png>]
<cmat_XG.png, id=513, 270.2898pt x 228.3732pt>
File: cmat_XG.png Graphic file (type png)
<use cmat_XG.png>
Package pdftex.def Info: cmat_XG.png  used on input line 785.
(pdftex.def)             Requested size: 170.44019pt x 144.0pt.
<cmat_tuned_XG.png, id=514, 274.626pt x 228.3732pt>
File: cmat_tuned_XG.png Graphic file (type png)
<use cmat_tuned_XG.png>
Package pdftex.def Info: cmat_tuned_XG.png  used on input line 792.
(pdftex.def)             Requested size: 173.17451pt x 144.0pt.


[31 <./cmat_DT.png> <./cmat_tuned_DT.png> <./cmat_SVM.png> <./cmat_tuned_SVM.png> <./cmat_XG.png> <./cmat_tuned_XG.png>]
Overfull \hbox (3.0768pt too wide) in paragraph at lines 853--853
[]|\OT1/EBGaramond-OsF/b/n/12 Accuracy
 []


Overfull \hbox (3.0768pt too wide) in paragraph at lines 853--853
[]|\OT1/EBGaramond-OsF/b/n/12 Accuracy
 []


Overfull \hbox (3.5688pt too wide) in paragraph at lines 853--853
[]|\OT1/EBGaramond-OsF/b/n/12 Precision
 []


Overfull \hbox (3.5688pt too wide) in paragraph at lines 853--853
[]|\OT1/EBGaramond-OsF/b/n/12 Precision
 []


Underfull \hbox (badness 10000) in paragraph at lines 853--853
[]|\OT1/EBGaramond-OsF/b/n/12 Recall
 []


Underfull \hbox (badness 10000) in paragraph at lines 853--853
[]|\OT1/EBGaramond-OsF/b/n/12 Recall
 []


Underfull \hbox (badness 10000) in paragraph at lines 853--853
[]|\OT1/EBGaramond-OsF/b/n/12 F1-
 []


Underfull \hbox (badness 10000) in paragraph at lines 853--853
\OT1/EBGaramond-OsF/b/n/12 Score
 []


Underfull \hbox (badness 10000) in paragraph at lines 853--854
[]|\OT1/EBGaramond-OsF/b/n/12 F1-
 []


Underfull \hbox (badness 10000) in paragraph at lines 853--854
\OT1/EBGaramond-OsF/b/n/12 Score
 []


Underfull \hbox (badness 10000) in paragraph at lines 855--855
[]|\OT1/EBGaramond-OsF/m/n/12 Logistic Re-
 []


Overfull \hbox (3.81525pt too wide) in paragraph at lines 855--855
[]|$\OT1/EBGaramond-LF/m/n/12 0\OML/EBGaramond-Maths/m/it/12 :\OT1/EBGaramond-LF/m/n/12 9464$| 
 []


Overfull \hbox (3.76724pt too wide) in paragraph at lines 855--856
[]|$\OT1/EBGaramond-LF/m/n/12 0\OML/EBGaramond-Maths/m/it/12 :\OT1/EBGaramond-LF/m/n/12 9443$| 
 []


Overfull \hbox (2.95125pt too wide) in paragraph at lines 857--857
[]|$\OT1/EBGaramond-LF/m/n/12 0\OML/EBGaramond-Maths/m/it/12 :\OT1/EBGaramond-LF/m/n/12 8588$| 
 []


Overfull \hbox (3.68324pt too wide) in paragraph at lines 857--858
[]|$\OT1/EBGaramond-LF/m/n/12 0\OML/EBGaramond-Maths/m/it/12 :\OT1/EBGaramond-LF/m/n/12 7279$| 
 []


Overfull \hbox (2.99922pt too wide) in paragraph at lines 859--859
[]|$\OT1/EBGaramond-LF/m/n/12 1\OML/EBGaramond-Maths/m/it/12 :\OT1/EBGaramond-LF/m/n/12 0000$| 
 []


Overfull \hbox (2.95125pt too wide) in paragraph at lines 859--860
[]|$\OT1/EBGaramond-LF/m/n/12 0\OML/EBGaramond-Maths/m/it/12 :\OT1/EBGaramond-LF/m/n/12 8885$| 
 []


Overfull \hbox (2.99922pt too wide) in paragraph at lines 861--861
[]|$\OT1/EBGaramond-LF/m/n/12 1\OML/EBGaramond-Maths/m/it/12 :\OT1/EBGaramond-LF/m/n/12 0000$| 
 []


Overfull \hbox (2.01524pt too wide) in paragraph at lines 861--862
[]|$\OT1/EBGaramond-LF/m/n/12 0\OML/EBGaramond-Maths/m/it/12 :\OT1/EBGaramond-LF/m/n/12 8715$| 
 []


Overfull \hbox (3.57524pt too wide) in paragraph at lines 863--863
[]|$\OT1/EBGaramond-LF/m/n/12 0\OML/EBGaramond-Maths/m/it/12 :\OT1/EBGaramond-LF/m/n/12 9546$| 
 []


Overfull \hbox (3.95923pt too wide) in paragraph at lines 863--864
[]|$\OT1/EBGaramond-LF/m/n/12 0\OML/EBGaramond-Maths/m/it/12 :\OT1/EBGaramond-LF/m/n/12 9070$| 
 []


Overfull \hbox (2.99922pt too wide) in paragraph at lines 865--865
[]|$\OT1/EBGaramond-LF/m/n/12 1\OML/EBGaramond-Maths/m/it/12 :\OT1/EBGaramond-LF/m/n/12 0000$| 
 []


Overfull \hbox (2.39925pt too wide) in paragraph at lines 865--866
[]|$\OT1/EBGaramond-LF/m/n/12 0\OML/EBGaramond-Maths/m/it/12 :\OT1/EBGaramond-LF/m/n/12 9164$| 
 []



[32]
Overfull \hbox (3.0768pt too wide) in paragraph at lines 887--887
[]|\OT1/EBGaramond-OsF/b/n/12 Accuracy
 []


Overfull \hbox (3.5688pt too wide) in paragraph at lines 887--887
[]|\OT1/EBGaramond-OsF/b/n/12 Precision
 []


Underfull \hbox (badness 10000) in paragraph at lines 887--887
[]|\OT1/EBGaramond-OsF/b/n/12 Recall
 []


Underfull \hbox (badness 10000) in paragraph at lines 887--887
[]|\OT1/EBGaramond-OsF/b/n/12 F1-Score
 []


Overfull \hbox (3.0768pt too wide) in paragraph at lines 887--887
[]|\OT1/EBGaramond-OsF/b/n/12 Accuracy
 []


Overfull \hbox (3.5688pt too wide) in paragraph at lines 887--887
[]|\OT1/EBGaramond-OsF/b/n/12 Precision
 []


Overfull \hbox (2.49522pt too wide) in paragraph at lines 887--887
[]|\OT1/EBGaramond-OsF/b/n/12 Recall
 []


Underfull \hbox (badness 10000) in paragraph at lines 887--888
[]|\OT1/EBGaramond-OsF/b/n/12 F1-
 []


Underfull \hbox (badness 10000) in paragraph at lines 887--888
\OT1/EBGaramond-OsF/b/n/12 Score
 []


Underfull \hbox (badness 10000) in paragraph at lines 889--889
[]|\OT1/EBGaramond-OsF/m/n/12 Logistic Re-
 []


Overfull \hbox (3.57524pt too wide) in paragraph at lines 889--889
[]|$\OT1/EBGaramond-LF/m/n/12 0\OML/EBGaramond-Maths/m/it/12 :\OT1/EBGaramond-LF/m/n/12 9495$| 
 []


Overfull \hbox (3.57524pt too wide) in paragraph at lines 889--890
[]|$\OT1/EBGaramond-LF/m/n/12 0\OML/EBGaramond-Maths/m/it/12 :\OT1/EBGaramond-LF/m/n/12 9493$| 
 []


Overfull \hbox (3.68324pt too wide) in paragraph at lines 891--891
[]|$\OT1/EBGaramond-LF/m/n/12 0\OML/EBGaramond-Maths/m/it/12 :\OT1/EBGaramond-LF/m/n/12 7626$| 
 []


Overfull \hbox (3.69524pt too wide) in paragraph at lines 891--892
[]|$\OT1/EBGaramond-LF/m/n/12 0\OML/EBGaramond-Maths/m/it/12 :\OT1/EBGaramond-LF/m/n/12 7670$| 
 []


Overfull \hbox (2.99925pt too wide) in paragraph at lines 893--893
[]|$\OT1/EBGaramond-LF/m/n/12 0\OML/EBGaramond-Maths/m/it/12 :\OT1/EBGaramond-LF/m/n/12 8889$| 
 []


Overfull \hbox (2.99925pt too wide) in paragraph at lines 893--894
[]|$\OT1/EBGaramond-LF/m/n/12 0\OML/EBGaramond-Maths/m/it/12 :\OT1/EBGaramond-LF/m/n/12 8889$| 
 []


Overfull \hbox (2.31525pt too wide) in paragraph at lines 895--895
[]|$\OT1/EBGaramond-LF/m/n/12 0\OML/EBGaramond-Maths/m/it/12 :\OT1/EBGaramond-LF/m/n/12 8712$| 
 []


Overfull \hbox (2.32724pt too wide) in paragraph at lines 895--896
[]|$\OT1/EBGaramond-LF/m/n/12 0\OML/EBGaramond-Maths/m/it/12 :\OT1/EBGaramond-LF/m/n/12 8710$| 
 []


Overfull \hbox (3.89923pt too wide) in paragraph at lines 897--897
[]|$\OT1/EBGaramond-LF/m/n/12 0\OML/EBGaramond-Maths/m/it/12 :\OT1/EBGaramond-LF/m/n/12 9520$| 
 []


Overfull \hbox (2.01524pt too wide) in paragraph at lines 897--898
[]|$\OT1/EBGaramond-LF/m/n/12 0\OML/EBGaramond-Maths/m/it/12 :\OT1/EBGaramond-LF/m/n/12 9518$| 
 []


Overfull \hbox (2.45924pt too wide) in paragraph at lines 899--899
[]|$\OT1/EBGaramond-LF/m/n/12 0\OML/EBGaramond-Maths/m/it/12 :\OT1/EBGaramond-LF/m/n/12 9192$| 
 []


Overfull \hbox (2.47124pt too wide) in paragraph at lines 899--900
[]|$\OT1/EBGaramond-LF/m/n/12 0\OML/EBGaramond-Maths/m/it/12 :\OT1/EBGaramond-LF/m/n/12 9190$| 
 []



[33]

[34]

[35]
Section VIII.

Underfull \hbox (badness 10000) in paragraph at lines 934--936

 []



[36

]
Section IX.


[37

]

[38]

[39]
LaTeX Font Info:    Font shape `OT1/EBGaramond-OsF/m/it' will be
(Font)              scaled to size 12.0pt on input line 1042.

Underfull \hbox (badness 1038) in paragraph at lines 1048--1049
[]\OT1/EBGaramond-OsF/m/n/12 Chandrashekhara, K. T., and M. Thunga-mani. "Smart-phone Price Pre-dic-tion in Re-tail In-dus-try Us-ing Ma-
 []


Underfull \hbox (badness 1237) in paragraph at lines 1048--1049
\OT1/EBGaramond-OsF/m/n/12 chine Learn-ing Tech-niques." In \OT1/EBGaramond-OsF/m/it/12 Emerg-ing Re-search in Elec-tron-ics, Com-puter Sci-ence and Tech-nol-ogy, Lec-ture
 []



[40

]

[41] (./report.aux)
 ***********
LaTeX2e <2024-06-01> patch level 2
L3 programming layer <2024-05-27>
 ***********


LaTeX Font Warning: Some font shapes were not available, defaults substituted.

Package rerunfilecheck Info: File `report.out' has not changed.
(rerunfilecheck)             Checksum: 6099523709ABE8E65A77ED225BC28D58;5563.
 ) 
Here is how much of TeX's memory you used:
 28881 strings out of 473584
 534864 string characters out of 5732357
 1953908 words of memory out of 5000000
 51056 multiletter control sequences out of 15000+600000
 588557 words of font info for 85 fonts, out of 8000000 for 9000
 1141 hyphenation exceptions out of 8191
 99i,12n,101p,1397b,1333s stack positions out of 10000i,1000n,20000p,200000b,200000s
<c:/texlive/2024/texmf-dist/fonts/type1/public/ebgaramond/EBGaramond-Bold.pfb><c:/texlive/2024/texmf-dist/fonts/type1/public/ebgaramond/EBGaramond-Italic.pfb><c:/texlive/2024/texmf-dist/fonts/type1/public/ebgaramond/EBGaramond-Regular.pfb><c:/texlive/2024/texmf-dist/fonts/type1/public/amsfonts/cm/cmss17.pfb><c:/texlive/2024/texmf-dist/fonts/type1/public/amsfonts/cm/cmsy10.pfb><c:/texlive/2024/texmf-dist/fonts/type1/public/amsfonts/cm/cmtcsc10.pfb><c:/texlive/2024/texmf-dist/fonts/type1/public/amsfonts/cm/cmtt12.pfb><c:/texlive/2024/texmf-dist/fonts/type1/public/txfonts/t1xbtt.pfb><c:/texlive/2024/texmf-dist/fonts/type1/public/txfonts/t1xtt.pfb>
Output written on report.pdf (42 pages, 1748706 bytes).
PDF statistics:
 690 PDF objects out of 1000 (max. 8388607)
 551 compressed objects within 6 object streams
 184 named destinations out of 1000 (max. 500000)
 514 words of extra memory for PDF output out of 10000 (max. 10000000)

