This is pdfTeX, Version 3.141592653-2.6-1.40.26 (TeX Live 2024) (preloaded format=pdflatex 2024.8.18)  25 NOV 2024 18:41
entering extended mode
 \write18 enabled.
 file:line:error style messages enabled.
 %&-line parsing enabled.
**d:/Projects/smartphone_price_prediction/presentation/presentation.tex
(d:/Projects/smartphone_price_prediction/presentation/presentation.tex
LaTeX2e <2024-06-01> patch level 2
L3 programming layer <2024-05-27>
(c:/texlive/2024/texmf-dist/tex/latex/beamer/beamer.cls
Document Class: beamer 2024/01/06 v3.71 A class for typesetting presentations
(c:/texlive/2024/texmf-dist/tex/latex/beamer/beamerbasemodes.sty (c:/texlive/2024/texmf-dist/tex/latex/etoolbox/etoolbox.sty
Package: etoolbox 2020/10/05 v2.5k e-TeX tools for LaTeX (JAW)
\etb@tempcnta=\count194
)
\beamer@tempbox=\box52
\beamer@tempcount=\count195
\c@beamerpauses=\count196
 (c:/texlive/2024/texmf-dist/tex/latex/beamer/beamerbasedecode.sty
\beamer@slideinframe=\count197
\beamer@minimum=\count198
\beamer@decode@box=\box53
)
\beamer@commentbox=\box54
\beamer@modecount=\count199
) (c:/texlive/2024/texmf-dist/tex/generic/iftex/iftex.sty
Package: iftex 2022/02/03 v1.0f TeX engine tests
)
\headdp=\dimen141
\footheight=\dimen142
\sidebarheight=\dimen143
\beamer@tempdim=\dimen144
\beamer@finalheight=\dimen145
\beamer@animht=\dimen146
\beamer@animdp=\dimen147
\beamer@animwd=\dimen148
\beamer@leftmargin=\dimen149
\beamer@rightmargin=\dimen150
\beamer@leftsidebar=\dimen151
\beamer@rightsidebar=\dimen152
\beamer@boxsize=\dimen153
\beamer@vboxoffset=\dimen154
\beamer@descdefault=\dimen155
\beamer@descriptionwidth=\dimen156
\beamer@lastskip=\skip49
\beamer@areabox=\box55
\beamer@animcurrent=\box56
\beamer@animshowbox=\box57
\beamer@sectionbox=\box58
\beamer@logobox=\box59
\beamer@linebox=\box60
\beamer@sectioncount=\count266
\beamer@subsubsectionmax=\count267
\beamer@subsectionmax=\count268
\beamer@sectionmax=\count269
\beamer@totalheads=\count270
\beamer@headcounter=\count271
\beamer@partstartpage=\count272
\beamer@sectionstartpage=\count273
\beamer@subsectionstartpage=\count274
\beamer@animationtempa=\count275
\beamer@animationtempb=\count276
\beamer@xpos=\count277
\beamer@ypos=\count278
\beamer@ypos@offset=\count279
\beamer@showpartnumber=\count280
\beamer@currentsubsection=\count281
\beamer@coveringdepth=\count282
\beamer@sectionadjust=\count283
\beamer@toclastsection=\count284
\beamer@tocsectionnumber=\count285
 (c:/texlive/2024/texmf-dist/tex/latex/beamer/beamerbaseoptions.sty (c:/texlive/2024/texmf-dist/tex/latex/graphics/keyval.sty
Package: keyval 2022/05/29 v1.15 key=value parser (DPC)
\KV@toks@=\toks17
))
\beamer@paperwidth=\skip50
\beamer@paperheight=\skip51
 (c:/texlive/2024/texmf-dist/tex/latex/geometry/geometry.sty
Package: geometry 2020/01/02 v5.9 Page Geometry
 (c:/texlive/2024/texmf-dist/tex/generic/iftex/ifvtex.sty
Package: ifvtex 2019/10/25 v1.7 ifvtex legacy package. Use iftex instead.
)
\Gm@cnth=\count286
\Gm@cntv=\count287
\c@Gm@tempcnt=\count288
\Gm@bindingoffset=\dimen157
\Gm@wd@mp=\dimen158
\Gm@odd@mp=\dimen159
\Gm@even@mp=\dimen160
\Gm@layoutwidth=\dimen161
\Gm@layoutheight=\dimen162
\Gm@layouthoffset=\dimen163
\Gm@layoutvoffset=\dimen164
\Gm@dimlist=\toks18
) (c:/texlive/2024/texmf-dist/tex/latex/pgf/math/pgfmath.sty (c:/texlive/2024/texmf-dist/tex/latex/pgf/utilities/pgfrcs.sty (c:/texlive/2024/texmf-dist/tex/generic/pgf/utilities/pgfutil-common.tex
\pgfutil@everybye=\toks19
\pgfutil@tempdima=\dimen165
\pgfutil@tempdimb=\dimen166
) (c:/texlive/2024/texmf-dist/tex/generic/pgf/utilities/pgfutil-latex.def
\pgfutil@abb=\box61
) (c:/texlive/2024/texmf-dist/tex/generic/pgf/utilities/pgfrcs.code.tex (c:/texlive/2024/texmf-dist/tex/generic/pgf/pgf.revision.tex)
Package: pgfrcs 2023-01-15 v3.1.10 (3.1.10)
)) (c:/texlive/2024/texmf-dist/tex/latex/pgf/utilities/pgfkeys.sty (c:/texlive/2024/texmf-dist/tex/generic/pgf/utilities/pgfkeys.code.tex
\pgfkeys@pathtoks=\toks20
\pgfkeys@temptoks=\toks21
 (c:/texlive/2024/texmf-dist/tex/generic/pgf/utilities/pgfkeyslibraryfiltered.code.tex
\pgfkeys@tmptoks=\toks22
))) (c:/texlive/2024/texmf-dist/tex/generic/pgf/math/pgfmath.code.tex (c:/texlive/2024/texmf-dist/tex/generic/pgf/math/pgfmathutil.code.tex
\pgf@x=\dimen167
\pgf@xa=\dimen168
\pgf@xb=\dimen169
\pgf@xc=\dimen170
\pgf@y=\dimen171
\pgf@ya=\dimen172
\pgf@yb=\dimen173
\pgf@yc=\dimen174
\c@pgf@counta=\count289
\c@pgf@countb=\count290
\c@pgf@countc=\count291
\c@pgf@countd=\count292
) (c:/texlive/2024/texmf-dist/tex/generic/pgf/math/pgfmathparser.code.tex
\pgfmath@dimen=\dimen175
\pgfmath@count=\count293
\pgfmath@box=\box62
\pgfmath@toks=\toks23
\pgfmath@stack@operand=\toks24
\pgfmath@stack@operation=\toks25
) (c:/texlive/2024/texmf-dist/tex/generic/pgf/math/pgfmathfunctions.code.tex) (c:/texlive/2024/texmf-dist/tex/generic/pgf/math/pgfmathfunctions.basic.code.tex) (c:/texlive/2024/texmf-dist/tex/generic/pgf/math/pgfmathfunctions.trigonometric.code.tex) (c:/texlive/2024/texmf-dist/tex/generic/pgf/math/pgfmathfunctions.random.code.tex) (c:/texlive/2024/texmf-dist/tex/generic/pgf/math/pgfmathfunctions.comparison.code.tex) (c:/texlive/2024/texmf-dist/tex/generic/pgf/math/pgfmathfunctions.base.code.tex) (c:/texlive/2024/texmf-dist/tex/generic/pgf/math/pgfmathfunctions.round.code.tex) (c:/texlive/2024/texmf-dist/tex/generic/pgf/math/pgfmathfunctions.misc.code.tex) (c:/texlive/2024/texmf-dist/tex/generic/pgf/math/pgfmathfunctions.integerarithmetics.code.tex) (c:/texlive/2024/texmf-dist/tex/generic/pgf/math/pgfmathcalc.code.tex) (c:/texlive/2024/texmf-dist/tex/generic/pgf/math/pgfmathfloat.code.tex
\c@pgfmathroundto@lastzeros=\count294
))) (c:/texlive/2024/texmf-dist/tex/latex/extsizes/size14.clo
File: size14.clo 1999/11/11 v1.4a NON-Standard LaTeX file (size option)
) (c:/texlive/2024/texmf-dist/tex/latex/pgf/basiclayer/pgfcore.sty (c:/texlive/2024/texmf-dist/tex/latex/graphics/graphicx.sty
Package: graphicx 2021/09/16 v1.2d Enhanced LaTeX Graphics (DPC,SPQR)
 (c:/texlive/2024/texmf-dist/tex/latex/graphics/graphics.sty
Package: graphics 2024/05/23 v1.4g Standard LaTeX Graphics (DPC,SPQR)
 (c:/texlive/2024/texmf-dist/tex/latex/graphics/trig.sty
Package: trig 2023/12/02 v1.11 sin cos tan (DPC)
) (c:/texlive/2024/texmf-dist/tex/latex/graphics-cfg/graphics.cfg
File: graphics.cfg 2016/06/04 v1.11 sample graphics configuration
)
Package graphics Info: Driver file: pdftex.def on input line 106.
 (c:/texlive/2024/texmf-dist/tex/latex/graphics-def/pdftex.def
File: pdftex.def 2024/04/13 v1.2c Graphics/color driver for pdftex
))
\Gin@req@height=\dimen176
\Gin@req@width=\dimen177
) (c:/texlive/2024/texmf-dist/tex/latex/pgf/systemlayer/pgfsys.sty (c:/texlive/2024/texmf-dist/tex/generic/pgf/systemlayer/pgfsys.code.tex
Package: pgfsys 2023-01-15 v3.1.10 (3.1.10)
\pgf@x=\dimen178
\pgf@y=\dimen179
\pgf@xa=\dimen180
\pgf@ya=\dimen181
\pgf@xb=\dimen182
\pgf@yb=\dimen183
\pgf@xc=\dimen184
\pgf@yc=\dimen185
\pgf@xd=\dimen186
\pgf@yd=\dimen187
\w@pgf@writea=\write3
\r@pgf@reada=\read2
\c@pgf@counta=\count295
\c@pgf@countb=\count296
\c@pgf@countc=\count297
\c@pgf@countd=\count298
\t@pgf@toka=\toks26
\t@pgf@tokb=\toks27
\t@pgf@tokc=\toks28
\pgf@sys@id@count=\count299
 (c:/texlive/2024/texmf-dist/tex/generic/pgf/systemlayer/pgf.cfg
File: pgf.cfg 2023-01-15 v3.1.10 (3.1.10)
)
Driver file for pgf: pgfsys-pdftex.def
 (c:/texlive/2024/texmf-dist/tex/generic/pgf/systemlayer/pgfsys-pdftex.def
File: pgfsys-pdftex.def 2023-01-15 v3.1.10 (3.1.10)
 (c:/texlive/2024/texmf-dist/tex/generic/pgf/systemlayer/pgfsys-common-pdf.def
File: pgfsys-common-pdf.def 2023-01-15 v3.1.10 (3.1.10)
))) (c:/texlive/2024/texmf-dist/tex/generic/pgf/systemlayer/pgfsyssoftpath.code.tex
File: pgfsyssoftpath.code.tex 2023-01-15 v3.1.10 (3.1.10)
\pgfsyssoftpath@smallbuffer@items=\count300
\pgfsyssoftpath@bigbuffer@items=\count301
) (c:/texlive/2024/texmf-dist/tex/generic/pgf/systemlayer/pgfsysprotocol.code.tex
File: pgfsysprotocol.code.tex 2023-01-15 v3.1.10 (3.1.10)
)) (c:/texlive/2024/texmf-dist/tex/latex/xcolor/xcolor.sty
Package: xcolor 2023/11/15 v3.01 LaTeX color extensions (UK)
 (c:/texlive/2024/texmf-dist/tex/latex/graphics-cfg/color.cfg
File: color.cfg 2016/01/02 v1.6 sample color configuration
)
Package xcolor Info: Driver file: pdftex.def on input line 274.
 (c:/texlive/2024/texmf-dist/tex/latex/graphics/mathcolor.ltx)
Package xcolor Info: Model `cmy' substituted by `cmy0' on input line 1350.
Package xcolor Info: Model `hsb' substituted by `rgb' on input line 1354.
Package xcolor Info: Model `RGB' extended on input line 1366.
Package xcolor Info: Model `HTML' substituted by `rgb' on input line 1368.
Package xcolor Info: Model `Hsb' substituted by `hsb' on input line 1369.
Package xcolor Info: Model `tHsb' substituted by `hsb' on input line 1370.
Package xcolor Info: Model `HSB' substituted by `hsb' on input line 1371.
Package xcolor Info: Model `Gray' substituted by `gray' on input line 1372.
Package xcolor Info: Model `wave' substituted by `hsb' on input line 1373.
) (c:/texlive/2024/texmf-dist/tex/generic/pgf/basiclayer/pgfcore.code.tex
Package: pgfcore 2023-01-15 v3.1.10 (3.1.10)
 (c:/texlive/2024/texmf-dist/tex/generic/pgf/math/pgfint.code.tex) (c:/texlive/2024/texmf-dist/tex/generic/pgf/basiclayer/pgfcorepoints.code.tex
File: pgfcorepoints.code.tex 2023-01-15 v3.1.10 (3.1.10)
\pgf@picminx=\dimen188
\pgf@picmaxx=\dimen189
\pgf@picminy=\dimen190
\pgf@picmaxy=\dimen191
\pgf@pathminx=\dimen192
\pgf@pathmaxx=\dimen193
\pgf@pathminy=\dimen194
\pgf@pathmaxy=\dimen195
\pgf@xx=\dimen196
\pgf@xy=\dimen197
\pgf@yx=\dimen198
\pgf@yy=\dimen199
\pgf@zx=\dimen256
\pgf@zy=\dimen257
) (c:/texlive/2024/texmf-dist/tex/generic/pgf/basiclayer/pgfcorepathconstruct.code.tex
File: pgfcorepathconstruct.code.tex 2023-01-15 v3.1.10 (3.1.10)
\pgf@path@lastx=\dimen258
\pgf@path@lasty=\dimen259
) (c:/texlive/2024/texmf-dist/tex/generic/pgf/basiclayer/pgfcorepathusage.code.tex
File: pgfcorepathusage.code.tex 2023-01-15 v3.1.10 (3.1.10)
\pgf@shorten@end@additional=\dimen260
\pgf@shorten@start@additional=\dimen261
) (c:/texlive/2024/texmf-dist/tex/generic/pgf/basiclayer/pgfcorescopes.code.tex
File: pgfcorescopes.code.tex 2023-01-15 v3.1.10 (3.1.10)
\pgfpic=\box63
\pgf@hbox=\box64
\pgf@layerbox@main=\box65
\pgf@picture@serial@count=\count302
) (c:/texlive/2024/texmf-dist/tex/generic/pgf/basiclayer/pgfcoregraphicstate.code.tex
File: pgfcoregraphicstate.code.tex 2023-01-15 v3.1.10 (3.1.10)
\pgflinewidth=\dimen262
) (c:/texlive/2024/texmf-dist/tex/generic/pgf/basiclayer/pgfcoretransformations.code.tex
File: pgfcoretransformations.code.tex 2023-01-15 v3.1.10 (3.1.10)
\pgf@pt@x=\dimen263
\pgf@pt@y=\dimen264
\pgf@pt@temp=\dimen265
) (c:/texlive/2024/texmf-dist/tex/generic/pgf/basiclayer/pgfcorequick.code.tex
File: pgfcorequick.code.tex 2023-01-15 v3.1.10 (3.1.10)
) (c:/texlive/2024/texmf-dist/tex/generic/pgf/basiclayer/pgfcoreobjects.code.tex
File: pgfcoreobjects.code.tex 2023-01-15 v3.1.10 (3.1.10)
) (c:/texlive/2024/texmf-dist/tex/generic/pgf/basiclayer/pgfcorepathprocessing.code.tex
File: pgfcorepathprocessing.code.tex 2023-01-15 v3.1.10 (3.1.10)
) (c:/texlive/2024/texmf-dist/tex/generic/pgf/basiclayer/pgfcorearrows.code.tex
File: pgfcorearrows.code.tex 2023-01-15 v3.1.10 (3.1.10)
\pgfarrowsep=\dimen266
) (c:/texlive/2024/texmf-dist/tex/generic/pgf/basiclayer/pgfcoreshade.code.tex
File: pgfcoreshade.code.tex 2023-01-15 v3.1.10 (3.1.10)
\pgf@max=\dimen267
\pgf@sys@shading@range@num=\count303
\pgf@shadingcount=\count304
) (c:/texlive/2024/texmf-dist/tex/generic/pgf/basiclayer/pgfcoreimage.code.tex
File: pgfcoreimage.code.tex 2023-01-15 v3.1.10 (3.1.10)
) (c:/texlive/2024/texmf-dist/tex/generic/pgf/basiclayer/pgfcoreexternal.code.tex
File: pgfcoreexternal.code.tex 2023-01-15 v3.1.10 (3.1.10)
\pgfexternal@startupbox=\box66
) (c:/texlive/2024/texmf-dist/tex/generic/pgf/basiclayer/pgfcorelayers.code.tex
File: pgfcorelayers.code.tex 2023-01-15 v3.1.10 (3.1.10)
) (c:/texlive/2024/texmf-dist/tex/generic/pgf/basiclayer/pgfcoretransparency.code.tex
File: pgfcoretransparency.code.tex 2023-01-15 v3.1.10 (3.1.10)
) (c:/texlive/2024/texmf-dist/tex/generic/pgf/basiclayer/pgfcorepatterns.code.tex
File: pgfcorepatterns.code.tex 2023-01-15 v3.1.10 (3.1.10)
) (c:/texlive/2024/texmf-dist/tex/generic/pgf/basiclayer/pgfcorerdf.code.tex
File: pgfcorerdf.code.tex 2023-01-15 v3.1.10 (3.1.10)
))) (c:/texlive/2024/texmf-dist/tex/latex/pgf/utilities/xxcolor.sty
Package: xxcolor 2003/10/24 ver 0.1
\XC@nummixins=\count305
\XC@countmixins=\count306
) (c:/texlive/2024/texmf-dist/tex/latex/base/atbegshi-ltx.sty
Package: atbegshi-ltx 2021/01/10 v1.0c Emulation of the original atbegshi
package with kernel methods
) (c:/texlive/2024/texmf-dist/tex/latex/hyperref/hyperref.sty
Package: hyperref 2024-07-10 v7.01j Hypertext links for LaTeX
 (c:/texlive/2024/texmf-dist/tex/latex/kvsetkeys/kvsetkeys.sty
Package: kvsetkeys 2022-10-05 v1.19 Key value parser (HO)
) (c:/texlive/2024/texmf-dist/tex/generic/kvdefinekeys/kvdefinekeys.sty
Package: kvdefinekeys 2019-12-19 v1.6 Define keys (HO)
) (c:/texlive/2024/texmf-dist/tex/generic/pdfescape/pdfescape.sty
Package: pdfescape 2019/12/09 v1.15 Implements pdfTeX's escape features (HO)
 (c:/texlive/2024/texmf-dist/tex/generic/ltxcmds/ltxcmds.sty
Package: ltxcmds 2023-12-04 v1.26 LaTeX kernel commands for general use (HO)
) (c:/texlive/2024/texmf-dist/tex/generic/pdftexcmds/pdftexcmds.sty
Package: pdftexcmds 2020-06-27 v0.33 Utility functions of pdfTeX for LuaTeX (HO)
 (c:/texlive/2024/texmf-dist/tex/generic/infwarerr/infwarerr.sty
Package: infwarerr 2019/12/03 v1.5 Providing info/warning/error messages (HO)
)
Package pdftexcmds Info: \pdf@primitive is available.
Package pdftexcmds Info: \pdf@ifprimitive is available.
Package pdftexcmds Info: \pdfdraftmode found.
)) (c:/texlive/2024/texmf-dist/tex/latex/hycolor/hycolor.sty
Package: hycolor 2020-01-27 v1.10 Color options for hyperref/bookmark (HO)
) (c:/texlive/2024/texmf-dist/tex/latex/hyperref/nameref.sty
Package: nameref 2023-11-26 v2.56 Cross-referencing by name of section
 (c:/texlive/2024/texmf-dist/tex/latex/refcount/refcount.sty
Package: refcount 2019/12/15 v3.6 Data extraction from label references (HO)
) (c:/texlive/2024/texmf-dist/tex/generic/gettitlestring/gettitlestring.sty
Package: gettitlestring 2019/12/15 v1.6 Cleanup title references (HO)
 (c:/texlive/2024/texmf-dist/tex/latex/kvoptions/kvoptions.sty
Package: kvoptions 2022-06-15 v3.15 Key value format for package options (HO)
))
\c@section@level=\count307
) (c:/texlive/2024/texmf-dist/tex/generic/stringenc/stringenc.sty
Package: stringenc 2019/11/29 v1.12 Convert strings between diff. encodings (HO)
)
\@linkdim=\dimen268
\Hy@linkcounter=\count308
\Hy@pagecounter=\count309
 (c:/texlive/2024/texmf-dist/tex/latex/hyperref/pd1enc.def
File: pd1enc.def 2024-07-10 v7.01j Hyperref: PDFDocEncoding definition (HO)
Now handling font encoding PD1 ...
... no UTF-8 mapping file for font encoding PD1
) (c:/texlive/2024/texmf-dist/tex/generic/intcalc/intcalc.sty
Package: intcalc 2019/12/15 v1.3 Expandable calculations with integers (HO)
)
\Hy@SavedSpaceFactor=\count310
 (c:/texlive/2024/texmf-dist/tex/latex/hyperref/puenc.def
File: puenc.def 2024-07-10 v7.01j Hyperref: PDF Unicode definition (HO)
Now handling font encoding PU ...
... no UTF-8 mapping file for font encoding PU
)
Package hyperref Info: Option `bookmarks' set `true' on input line 4040.
Package hyperref Info: Option `bookmarksopen' set `true' on input line 4040.
Package hyperref Info: Option `implicit' set `false' on input line 4040.
Package hyperref Info: Hyper figures OFF on input line 4157.
Package hyperref Info: Link nesting OFF on input line 4162.
Package hyperref Info: Hyper index ON on input line 4165.
Package hyperref Info: Plain pages OFF on input line 4172.
Package hyperref Info: Backreferencing OFF on input line 4177.
Package hyperref Info: Implicit mode OFF; no redefinition of LaTeX internals.
Package hyperref Info: Bookmarks ON on input line 4424.
\c@Hy@tempcnt=\count311
 (c:/texlive/2024/texmf-dist/tex/latex/url/url.sty
\Urlmuskip=\muskip17
Package: url 2013/09/16  ver 3.4  Verb mode for urls, etc.
)
LaTeX Info: Redefining \url on input line 4763.
\XeTeXLinkMargin=\dimen269
 (c:/texlive/2024/texmf-dist/tex/generic/bitset/bitset.sty
Package: bitset 2019/12/09 v1.3 Handle bit-vector datatype (HO)
 (c:/texlive/2024/texmf-dist/tex/generic/bigintcalc/bigintcalc.sty
Package: bigintcalc 2019/12/15 v1.5 Expandable calculations on big integers (HO)
))
\Fld@menulength=\count312
\Field@Width=\dimen270
\Fld@charsize=\dimen271
Package hyperref Info: Hyper figures OFF on input line 6042.
Package hyperref Info: Link nesting OFF on input line 6047.
Package hyperref Info: Hyper index ON on input line 6050.
Package hyperref Info: backreferencing OFF on input line 6057.
Package hyperref Info: Link coloring OFF on input line 6062.
Package hyperref Info: Link coloring with OCG OFF on input line 6067.
Package hyperref Info: PDF/A mode OFF on input line 6072.
\Hy@abspage=\count313


Package hyperref Message: Stopped early.

)
Package hyperref Info: Driver (autodetected): hpdftex.
 (c:/texlive/2024/texmf-dist/tex/latex/hyperref/hpdftex.def
File: hpdftex.def 2024-07-10 v7.01j Hyperref driver for pdfTeX
 (c:/texlive/2024/texmf-dist/tex/latex/base/atveryend-ltx.sty
Package: atveryend-ltx 2020/08/19 v1.0a Emulation of the original atveryend package
with kernel methods
)
\Fld@listcount=\count314
\c@bookmark@seq@number=\count315
 (c:/texlive/2024/texmf-dist/tex/latex/rerunfilecheck/rerunfilecheck.sty
Package: rerunfilecheck 2022-07-10 v1.10 Rerun checks for auxiliary files (HO)
 (c:/texlive/2024/texmf-dist/tex/generic/uniquecounter/uniquecounter.sty
Package: uniquecounter 2019/12/15 v1.4 Provide unlimited unique counter (HO)
)
Package uniquecounter Info: New unique counter `rerunfilecheck' on input line 285.
)) (c:/texlive/2024/texmf-dist/tex/latex/beamer/beamerbaserequires.sty (c:/texlive/2024/texmf-dist/tex/latex/beamer/beamerbasecompatibility.sty) (c:/texlive/2024/texmf-dist/tex/latex/beamer/beamerbasefont.sty (c:/texlive/2024/texmf-dist/tex/latex/amsfonts/amssymb.sty
Package: amssymb 2013/01/14 v3.01 AMS font symbols
 (c:/texlive/2024/texmf-dist/tex/latex/amsfonts/amsfonts.sty
Package: amsfonts 2013/01/14 v3.01 Basic AMSFonts support
\@emptytoks=\toks29
\symAMSa=\mathgroup4
\symAMSb=\mathgroup5
LaTeX Font Info:    Redeclaring math symbol \hbar on input line 98.
LaTeX Font Info:    Overwriting math alphabet `\mathfrak' in version `bold'
(Font)                  U/euf/m/n --> U/euf/b/n on input line 106.
)) (c:/texlive/2024/texmf-dist/tex/latex/sansmathaccent/sansmathaccent.sty
Package: sansmathaccent 2020/01/31
 (c:/texlive/2024/texmf-dist/tex/latex/koma-script/scrlfile.sty
Package: scrlfile 2023/07/07 v3.41 KOMA-Script package (file load hooks)
 (c:/texlive/2024/texmf-dist/tex/latex/koma-script/scrlfile-hook.sty
Package: scrlfile-hook 2023/07/07 v3.41 KOMA-Script package (using LaTeX hooks)
 (c:/texlive/2024/texmf-dist/tex/latex/koma-script/scrlogo.sty
Package: scrlogo 2023/07/07 v3.41 KOMA-Script package (logo)
))))) (c:/texlive/2024/texmf-dist/tex/latex/beamer/beamerbasetranslator.sty (c:/texlive/2024/texmf-dist/tex/latex/translator/translator.sty
Package: translator 2021-05-31 v1.12d Easy translation of strings in LaTeX
)) (c:/texlive/2024/texmf-dist/tex/latex/beamer/beamerbasemisc.sty) (c:/texlive/2024/texmf-dist/tex/latex/beamer/beamerbasetwoscreens.sty) (c:/texlive/2024/texmf-dist/tex/latex/beamer/beamerbaseoverlay.sty
\beamer@argscount=\count316
\beamer@lastskipcover=\skip52
\beamer@trivlistdepth=\count317
) (c:/texlive/2024/texmf-dist/tex/latex/beamer/beamerbasetitle.sty) (c:/texlive/2024/texmf-dist/tex/latex/beamer/beamerbasesection.sty
\c@lecture=\count318
\c@part=\count319
\c@section=\count320
\c@subsection=\count321
\c@subsubsection=\count322
) (c:/texlive/2024/texmf-dist/tex/latex/beamer/beamerbaseframe.sty
\beamer@framebox=\box67
\beamer@frametitlebox=\box68
\beamer@zoombox=\box69
\beamer@zoomcount=\count323
\beamer@zoomframecount=\count324
\beamer@frametextheight=\dimen272
\c@subsectionslide=\count325
\beamer@frametopskip=\skip53
\beamer@framebottomskip=\skip54
\beamer@frametopskipautobreak=\skip55
\beamer@framebottomskipautobreak=\skip56
\beamer@envbody=\toks30
\framewidth=\dimen273
\c@framenumber=\count326
) (c:/texlive/2024/texmf-dist/tex/latex/beamer/beamerbaseverbatim.sty
\beamer@verbatimfileout=\write4
) (c:/texlive/2024/texmf-dist/tex/latex/beamer/beamerbaseframesize.sty
\beamer@splitbox=\box70
\beamer@autobreakcount=\count327
\beamer@autobreaklastheight=\dimen274
\beamer@frametitletoks=\toks31
\beamer@framesubtitletoks=\toks32
) (c:/texlive/2024/texmf-dist/tex/latex/beamer/beamerbaseframecomponents.sty
\beamer@footins=\box71
) (c:/texlive/2024/texmf-dist/tex/latex/beamer/beamerbasecolor.sty) (c:/texlive/2024/texmf-dist/tex/latex/beamer/beamerbasenotes.sty
\beamer@frameboxcopy=\box72
) (c:/texlive/2024/texmf-dist/tex/latex/beamer/beamerbasetoc.sty) (c:/texlive/2024/texmf-dist/tex/latex/beamer/beamerbasetemplates.sty
\beamer@sbttoks=\toks33
 (c:/texlive/2024/texmf-dist/tex/latex/beamer/beamerbaseauxtemplates.sty (c:/texlive/2024/texmf-dist/tex/latex/beamer/beamerbaseboxes.sty
\bmb@box=\box73
\bmb@colorbox=\box74
\bmb@boxwidth=\dimen275
\bmb@boxheight=\dimen276
\bmb@prevheight=\dimen277
\bmb@temp=\dimen278
\bmb@dima=\dimen279
\bmb@dimb=\dimen280
\bmb@prevheight=\dimen281
)
\beamer@blockheadheight=\dimen282
)) (c:/texlive/2024/texmf-dist/tex/latex/beamer/beamerbaselocalstructure.sty (c:/texlive/2024/texmf-dist/tex/latex/tools/enumerate.sty
Package: enumerate 2023/07/04 v3.00 enumerate extensions (DPC)
\@enLab=\toks34
)
\beamer@bibiconwidth=\skip57
\c@figure=\count328
\c@table=\count329
\abovecaptionskip=\skip58
\belowcaptionskip=\skip59
) (c:/texlive/2024/texmf-dist/tex/latex/beamer/beamerbasenavigation.sty (c:/texlive/2024/texmf-dist/tex/latex/beamer/beamerbasenavigationsymbols.tex)
\beamer@section@min@dim=\dimen283
) (c:/texlive/2024/texmf-dist/tex/latex/beamer/beamerbasetheorems.sty (c:/texlive/2024/texmf-dist/tex/latex/amsmath/amsmath.sty
Package: amsmath 2024/05/23 v2.17q AMS math features
\@mathmargin=\skip60

For additional information on amsmath, use the `?' option.
(c:/texlive/2024/texmf-dist/tex/latex/amsmath/amstext.sty
Package: amstext 2021/08/26 v2.01 AMS text
 (c:/texlive/2024/texmf-dist/tex/latex/amsmath/amsgen.sty
File: amsgen.sty 1999/11/30 v2.0 generic functions
\@emptytoks=\toks35
\ex@=\dimen284
)) (c:/texlive/2024/texmf-dist/tex/latex/amsmath/amsbsy.sty
Package: amsbsy 1999/11/29 v1.2d Bold Symbols
\pmbraise@=\dimen285
) (c:/texlive/2024/texmf-dist/tex/latex/amsmath/amsopn.sty
Package: amsopn 2022/04/08 v2.04 operator names
)
\inf@bad=\count330
LaTeX Info: Redefining \frac on input line 233.
\uproot@=\count331
\leftroot@=\count332
LaTeX Info: Redefining \overline on input line 398.
LaTeX Info: Redefining \colon on input line 409.
\classnum@=\count333
\DOTSCASE@=\count334
LaTeX Info: Redefining \ldots on input line 495.
LaTeX Info: Redefining \dots on input line 498.
LaTeX Info: Redefining \cdots on input line 619.
\Mathstrutbox@=\box75
\strutbox@=\box76
LaTeX Info: Redefining \big on input line 721.
LaTeX Info: Redefining \Big on input line 722.
LaTeX Info: Redefining \bigg on input line 723.
LaTeX Info: Redefining \Bigg on input line 724.
\big@size=\dimen286
LaTeX Font Info:    Redeclaring font encoding OML on input line 742.
LaTeX Font Info:    Redeclaring font encoding OMS on input line 743.
\macc@depth=\count335
LaTeX Info: Redefining \bmod on input line 904.
LaTeX Info: Redefining \pmod on input line 909.
LaTeX Info: Redefining \smash on input line 939.
LaTeX Info: Redefining \relbar on input line 969.
LaTeX Info: Redefining \Relbar on input line 970.
\c@MaxMatrixCols=\count336
\dotsspace@=\muskip18
\c@parentequation=\count337
\dspbrk@lvl=\count338
\tag@help=\toks36
\row@=\count339
\column@=\count340
\maxfields@=\count341
\andhelp@=\toks37
\eqnshift@=\dimen287
\alignsep@=\dimen288
\tagshift@=\dimen289
\tagwidth@=\dimen290
\totwidth@=\dimen291
\lineht@=\dimen292
\@envbody=\toks38
\multlinegap=\skip61
\multlinetaggap=\skip62
\mathdisplay@stack=\toks39
LaTeX Info: Redefining \[ on input line 2953.
LaTeX Info: Redefining \] on input line 2954.
) (c:/texlive/2024/texmf-dist/tex/latex/amscls/amsthm.sty
Package: amsthm 2020/05/29 v2.20.6
\thm@style=\toks40
\thm@bodyfont=\toks41
\thm@headfont=\toks42
\thm@notefont=\toks43
\thm@headpunct=\toks44
\thm@preskip=\skip63
\thm@postskip=\skip64
\thm@headsep=\skip65
\dth@everypar=\toks45
)
\c@theorem=\count342
) (c:/texlive/2024/texmf-dist/tex/latex/beamer/beamerbasethemes.sty)) (c:/texlive/2024/texmf-dist/tex/latex/beamer/beamerthemedefault.sty (c:/texlive/2024/texmf-dist/tex/latex/beamer/beamerfontthemedefault.sty) (c:/texlive/2024/texmf-dist/tex/latex/beamer/beamercolorthemedefault.sty) (c:/texlive/2024/texmf-dist/tex/latex/beamer/beamerinnerthemedefault.sty
\beamer@dima=\dimen293
\beamer@dimb=\dimen294
) (c:/texlive/2024/texmf-dist/tex/latex/beamer/beamerouterthemedefault.sty))) (c:/texlive/2024/texmf-dist/tex/latex/beamer/beamerthemeCopenhagen.sty (c:/texlive/2024/texmf-dist/tex/latex/beamer/beamerouterthemesplit.sty) (c:/texlive/2024/texmf-dist/tex/latex/beamer/beamerinnerthemerounded.sty) (c:/texlive/2024/texmf-dist/tex/latex/beamer/beamercolorthemewhale.sty) (c:/texlive/2024/texmf-dist/tex/latex/beamer/beamercolorthemeorchid.sty)) (c:/texlive/2024/texmf-dist/tex/latex/beamer/beamercolorthemeseahorse.sty) (c:/texlive/2024/texmf-dist/tex/latex/tfrupee/tfrupee.sty
Package: tfrupee 2010/12/15 LaTeX Support for the TechFat Rupee symbols by TechFat (http://techfat.blogspot.com/2010/07/new-open-source-india-rupee-font.html). Adapted for use with TeX by Palle Jorgensen, hamselv(a)pallej.dk
) (c:/texlive/2024/texmf-dist/tex/latex/lipsum/lipsum.sty (c:/texlive/2024/texmf-dist/tex/latex/l3packages/l3keys2e/l3keys2e.sty (c:/texlive/2024/texmf-dist/tex/latex/l3kernel/expl3.sty
Package: expl3 2024-05-27 L3 programming layer (loader) 
 (c:/texlive/2024/texmf-dist/tex/latex/l3backend/l3backend-pdftex.def
File: l3backend-pdftex.def 2024-05-08 L3 backend support: PDF output (pdfTeX)
\l__color_backend_stack_int=\count343
\l__pdf_internal_box=\box77
))
Package: l3keys2e 2024-05-08 LaTeX2e option processing using LaTeX3 keys
)
Package: lipsum 2021-09-20 v2.7 150 paragraphs of Lorem Ipsum dummy text
\g__lipsum_par_int=\count344
\l__lipsum_a_int=\count345
\l__lipsum_b_int=\count346
 (c:/texlive/2024/texmf-dist/tex/latex/lipsum/lipsum.ltd.tex)) (c:/texlive/2024/texmf-dist/tex/latex/minted/minted.sty
Package: minted 2023/12/18 v2.9 Yet another Pygments shim for LaTeX
 (c:/texlive/2024/texmf-dist/tex/latex/fvextra/fvextra.sty
Package: fvextra 2024/05/16 v1.7.0 fvextra - extensions and patches for fancyvrb
 (c:/texlive/2024/texmf-dist/tex/latex/fancyvrb/fancyvrb.sty
Package: fancyvrb 2024/01/20 4.5c verbatim text (tvz,hv)
\FV@CodeLineNo=\count347
\FV@InFile=\read3
\FV@TabBox=\box78
\c@FancyVerbLine=\count348
\FV@StepNumber=\count349
\FV@OutFile=\write5
) (c:/texlive/2024/texmf-dist/tex/latex/upquote/upquote.sty
Package: upquote 2012/04/19 v1.3 upright-quote and grave-accent glyphs in verbatim
) (c:/texlive/2024/texmf-dist/tex/latex/lineno/lineno.sty
Package: lineno 2023/05/20 line numbers on paragraphs v5.3
\linenopenalty=\count350
\output=\toks46
\linenoprevgraf=\count351
\linenumbersep=\dimen295
\linenumberwidth=\dimen296
\c@linenumber=\count352
\c@pagewiselinenumber=\count353
\c@LN@truepage=\count354
\c@internallinenumber=\count355
\c@internallinenumbers=\count356
\quotelinenumbersep=\dimen297
\bframerule=\dimen298
\bframesep=\dimen299
\bframebox=\box79
\linenoamsmath@ams@eqpen=\count357
LaTeX Info: Redefining \\ on input line 3180.
)
\c@FancyVerbWriteLine=\count358
\c@FancyVerbBufferIndex=\count359
\c@FancyVerbBufferLength=\count360
\c@FancyVerbBufferLine=\count361
\c@FV@oldbufferlength=\count362
\c@FV@TrueTabGroupLevel=\count363
\c@FV@TrueTabCounter=\count364
\FV@TabBox@Group=\box80
\FV@TmpLength=\skip66
\c@FV@HighlightLinesStart=\count365
\c@FV@HighlightLinesStop=\count366
\FV@LoopCount=\count367
\FV@NCharsBox=\box81
\FV@BreakIndent=\dimen300
\FV@BreakIndentNChars=\count368
\FV@BreakSymbolSepLeft=\dimen301
\FV@BreakSymbolSepLeftNChars=\count369
\FV@BreakSymbolSepRight=\dimen302
\FV@BreakSymbolSepRightNChars=\count370
\FV@BreakSymbolIndentLeft=\dimen303
\FV@BreakSymbolIndentLeftNChars=\count371
\FV@BreakSymbolIndentRight=\dimen304
\FV@BreakSymbolIndentRightNChars=\count372
\c@FancyVerbLineBreakLast=\count373
\FV@LineBox=\box82
\FV@LineIndentBox=\box83
\c@FV@BreakBufferDepth=\count374
\FV@LineWidth=\dimen305
) (c:/texlive/2024/texmf-dist/tex/latex/base/ifthen.sty
Package: ifthen 2024/03/16 v1.1e Standard LaTeX ifthen package (DPC)
) (c:/texlive/2024/texmf-dist/tex/latex/tools/shellesc.sty
Package: shellesc 2023/07/08 v1.0d unified shell escape interface for LaTeX
Package shellesc Info: Unrestricted shell escape enabled on input line 75.
) (c:/texlive/2024/texmf-dist/tex/latex/ifplatform/ifplatform.sty
Package: ifplatform 2017/10/13 v0.4a Testing for the operating system
 (c:/texlive/2024/texmf-dist/tex/generic/catchfile/catchfile.sty
Package: catchfile 2019/12/09 v1.8 Catch the contents of a file (HO)
 (c:/texlive/2024/texmf-dist/tex/generic/etexcmds/etexcmds.sty
Package: etexcmds 2019/12/15 v1.7 Avoid name clashes with e-TeX commands (HO)
)) (c:/texlive/2024/texmf-dist/tex/generic/iftex/ifluatex.sty
Package: ifluatex 2019/10/25 v1.5 ifluatex legacy package. Use iftex instead.
)) (c:/texlive/2024/texmf-dist/tex/generic/xstring/xstring.sty (c:/texlive/2024/texmf-dist/tex/generic/xstring/xstring.tex
\xs_counta=\count375
\xs_countb=\count376
)
Package: xstring 2023/08/22 v1.86 String manipulations (CT)
) (c:/texlive/2024/texmf-dist/tex/latex/framed/framed.sty
Package: framed 2011/10/22 v 0.96: framed or shaded text with page breaks
\OuterFrameSep=\skip67
\fb@frw=\dimen306
\fb@frh=\dimen307
\FrameRule=\dimen308
\FrameSep=\dimen309
) (c:/texlive/2024/texmf-dist/tex/latex/float/float.sty
Package: float 2001/11/08 v1.3d Float enhancements (AL)
\c@float@type=\count377
\float@exts=\toks47
\float@box=\box84
\@float@everytoks=\toks48
\@floatcapt=\box85
)
\minted@appexistsfile=\read4
\minted@bgbox=\box86
\minted@code=\write6
\c@minted@FancyVerbLineTemp=\count378
\c@minted@pygmentizecounter=\count379
\@float@every@listing=\toks49
\c@listing=\count380
)
runsystem(if not exist _minted-presentation mkdir _minted-presentation)...executed.

 (c:/texlive/2024/texmf-dist/tex/latex/algorithms/algorithm.sty
Package: algorithm 2009/08/24 v0.1 Document Style `algorithm' - floating environment
\@float@every@algorithm=\toks50
\c@algorithm=\count381
) (c:/texlive/2024/texmf-dist/tex/latex/algorithmicx/algpseudocode.sty
Package: algpseudocode 
 (c:/texlive/2024/texmf-dist/tex/latex/algorithmicx/algorithmicx.sty
Package: algorithmicx 2005/04/27 v1.2 Algorithmicx

Document Style algorithmicx 1.2 - a greatly improved `algorithmic' style
\c@ALG@line=\count382
\c@ALG@rem=\count383
\c@ALG@nested=\count384
\ALG@tlm=\skip68
\ALG@thistlm=\skip69
\c@ALG@Lnr=\count385
\c@ALG@blocknr=\count386
\c@ALG@storecount=\count387
\c@ALG@tmpcounter=\count388
\ALG@tmplength=\skip70
)
Document Style - pseudocode environments for use with the `algorithmicx' style
) (c:/texlive/2024/texmf-dist/tex/latex/booktabs/booktabs.sty
Package: booktabs 2020/01/12 v1.61803398 Publication quality tables
\heavyrulewidth=\dimen310
\lightrulewidth=\dimen311
\cmidrulewidth=\dimen312
\belowrulesep=\dimen313
\belowbottomsep=\dimen314
\aboverulesep=\dimen315
\abovetopsep=\dimen316
\cmidrulesep=\dimen317
\cmidrulekern=\dimen318
\defaultaddspace=\dimen319
\@cmidla=\count389
\@cmidlb=\count390
\@aboverulesep=\dimen320
\@belowrulesep=\dimen321
\@thisruleclass=\count391
\@lastruleclass=\count392
\@thisrulewidth=\dimen322
) (c:/texlive/2024/texmf-dist/tex/latex/tools/array.sty
Package: array 2024/06/14 v2.6d Tabular extension package (FMi)
\col@sep=\dimen323
\ar@mcellbox=\box87
\extrarowheight=\dimen324
\NC@list=\toks51
\extratabsurround=\skip71
\backup@length=\skip72
\ar@cellbox=\box88
) (c:/texlive/2024/texmf-dist/tex/latex/tools/multicol.sty
Package: multicol 2024/05/23 v1.9h multicolumn formatting (FMi)
\c@tracingmulticols=\count393
\mult@box=\box89
\multicol@leftmargin=\dimen325
\c@unbalance=\count394
\c@collectmore=\count395
\doublecol@number=\count396
\multicoltolerance=\count397
\multicolpretolerance=\count398
\full@width=\dimen326
\page@free=\dimen327
\premulticols=\dimen328
\postmulticols=\dimen329
\multicolsep=\skip73
\multicolbaselineskip=\skip74
\partial@page=\box90
\last@line=\box91
\mc@boxedresult=\box92
\maxbalancingoverflow=\dimen330
\mult@rightbox=\box93
\mult@grightbox=\box94
\mult@firstbox=\box95
\mult@gfirstbox=\box96
\@tempa=\box97
\@tempa=\box98
\@tempa=\box99
\@tempa=\box100
\@tempa=\box101
\@tempa=\box102
\@tempa=\box103
\@tempa=\box104
\@tempa=\box105
\@tempa=\box106
\@tempa=\box107
\@tempa=\box108
\@tempa=\box109
\@tempa=\box110
\@tempa=\box111
\@tempa=\box112
\@tempa=\box113
\@tempa=\box114
\@tempa=\box115
\@tempa=\box116
\@tempa=\box117
\@tempa=\box118
\@tempa=\box119
\@tempa=\box120
\@tempa=\box121
\@tempa=\box122
\@tempa=\box123
\@tempa=\box124
\@tempa=\box125
\@tempa=\box126
\@tempa=\box127
\@tempa=\box128
\@tempa=\box129
\@tempa=\box130
\@tempa=\box131
\@tempa=\box132
\c@minrows=\count399
\c@columnbadness=\count400
\c@finalcolumnbadness=\count401
\last@try=\dimen331
\multicolovershoot=\dimen332
\multicolundershoot=\dimen333
\mult@nat@firstbox=\box133
\colbreak@box=\box134
\mc@col@check@num=\count402
) (c:/texlive/2024/texmf-dist/tex/latex/changepage/changepage.sty
Package: changepage 2009/10/20 v1.0c check page and change page layout
\c@cp@cntr=\count403
\cp@tempcnt=\count404
)
runsystem(for ^%i in (pygmentize.exe pygmentize.bat pygmentize.cmd) do set > presentation.aex <nul: /p x=^%~$PATH:i>> presentation.aex)...executed.

runsystem(del presentation.aex)...executed.

 (./presentation.aux)
\openout1 = `presentation.aux'.

LaTeX Font Info:    Checking defaults for OML/cmm/m/it on input line 16.
LaTeX Font Info:    ... okay on input line 16.
LaTeX Font Info:    Checking defaults for OMS/cmsy/m/n on input line 16.
LaTeX Font Info:    ... okay on input line 16.
LaTeX Font Info:    Checking defaults for OT1/cmr/m/n on input line 16.
LaTeX Font Info:    ... okay on input line 16.
LaTeX Font Info:    Checking defaults for T1/cmr/m/n on input line 16.
LaTeX Font Info:    ... okay on input line 16.
LaTeX Font Info:    Checking defaults for TS1/cmr/m/n on input line 16.
LaTeX Font Info:    ... okay on input line 16.
LaTeX Font Info:    Checking defaults for OMX/cmex/m/n on input line 16.
LaTeX Font Info:    ... okay on input line 16.
LaTeX Font Info:    Checking defaults for U/cmr/m/n on input line 16.
LaTeX Font Info:    ... okay on input line 16.
LaTeX Font Info:    Checking defaults for PD1/pdf/m/n on input line 16.
LaTeX Font Info:    ... okay on input line 16.
LaTeX Font Info:    Checking defaults for PU/pdf/m/n on input line 16.
LaTeX Font Info:    ... okay on input line 16.

*geometry* driver: auto-detecting
*geometry* detected driver: pdftex
*geometry* verbose mode - [ preamble ] result:
* driver: pdftex
* paper: custom
* layout: <same size as paper>
* layoutoffset:(h,v)=(0.0pt,0.0pt)
* modes: includehead includefoot 
* h-part:(L,W,R)=(28.45274pt, 398.3386pt, 28.45274pt)
* v-part:(T,H,B)=(0.0pt, 256.0748pt, 0.0pt)
* \paperwidth=455.24408pt
* \paperheight=256.0748pt
* \textwidth=398.3386pt
* \textheight=227.62207pt
* \oddsidemargin=-43.81725pt
* \evensidemargin=-43.81725pt
* \topmargin=-72.26999pt
* \headheight=14.22636pt
* \headsep=0.0pt
* \topskip=14.0pt
* \footskip=14.22636pt
* \marginparwidth=4.0pt
* \marginparsep=10.0pt
* \columnsep=10.0pt
* \skip\footins=12.0pt plus 4.0pt minus 2.0pt
* \hoffset=0.0pt
* \voffset=0.0pt
* \mag=1000
* \@twocolumnfalse
* \@twosidefalse
* \@mparswitchfalse
* \@reversemarginfalse
* (1in=72.27pt=25.4mm, 1cm=28.453pt)

(c:/texlive/2024/texmf-dist/tex/context/base/mkii/supp-pdf.mkii
[Loading MPS to PDF converter (version 2006.09.02).]
\scratchcounter=\count405
\scratchdimen=\dimen334
\scratchbox=\box135
\nofMPsegments=\count406
\nofMParguments=\count407
\everyMPshowfont=\toks52
\MPscratchCnt=\count408
\MPscratchDim=\dimen335
\MPnumerator=\count409
\makeMPintoPDFobject=\count410
\everyMPtoPDFconversion=\toks53
) (c:/texlive/2024/texmf-dist/tex/latex/epstopdf-pkg/epstopdf-base.sty
Package: epstopdf-base 2020-01-24 v2.11 Base part for package epstopdf
Package epstopdf-base Info: Redefining graphics rule for `.eps' on input line 485.
 (c:/texlive/2024/texmf-dist/tex/latex/latexconfig/epstopdf-sys.cfg
File: epstopdf-sys.cfg 2010/07/13 v1.3 Configuration of (r)epstopdf for TeX Live
))
Package hyperref Info: Link coloring OFF on input line 16.
 (./presentation.out) (./presentation.out)
\@outlinefile=\write7
\openout7 = `presentation.out'.

LaTeX Font Info:    Overwriting symbol font `operators' in version `normal'
(Font)                  OT1/cmr/m/n --> OT1/cmss/m/n on input line 16.
LaTeX Font Info:    Overwriting symbol font `operators' in version `bold'
(Font)                  OT1/cmr/bx/n --> OT1/cmss/b/n on input line 16.
\symnumbers=\mathgroup6
\sympureletters=\mathgroup7
LaTeX Font Info:    Overwriting math alphabet `\mathrm' in version `normal'
(Font)                  OT1/cmss/m/n --> OT1/cmr/m/n on input line 16.
LaTeX Font Info:    Redeclaring math alphabet \mathbf on input line 16.
LaTeX Font Info:    Overwriting math alphabet `\mathbf' in version `normal'
(Font)                  OT1/cmr/bx/n --> OT1/cmss/b/n on input line 16.
LaTeX Font Info:    Overwriting math alphabet `\mathbf' in version `bold'
(Font)                  OT1/cmr/bx/n --> OT1/cmss/b/n on input line 16.
LaTeX Font Info:    Redeclaring math alphabet \mathsf on input line 16.
LaTeX Font Info:    Overwriting math alphabet `\mathsf' in version `normal'
(Font)                  OT1/cmss/m/n --> OT1/cmss/m/n on input line 16.
LaTeX Font Info:    Overwriting math alphabet `\mathsf' in version `bold'
(Font)                  OT1/cmss/bx/n --> OT1/cmss/m/n on input line 16.
LaTeX Font Info:    Redeclaring math alphabet \mathit on input line 16.
LaTeX Font Info:    Overwriting math alphabet `\mathit' in version `normal'
(Font)                  OT1/cmr/m/it --> OT1/cmss/m/it on input line 16.
LaTeX Font Info:    Overwriting math alphabet `\mathit' in version `bold'
(Font)                  OT1/cmr/bx/it --> OT1/cmss/m/it on input line 16.
LaTeX Font Info:    Redeclaring math alphabet \mathtt on input line 16.
LaTeX Font Info:    Overwriting math alphabet `\mathtt' in version `normal'
(Font)                  OT1/cmtt/m/n --> OT1/cmtt/m/n on input line 16.
LaTeX Font Info:    Overwriting math alphabet `\mathtt' in version `bold'
(Font)                  OT1/cmtt/m/n --> OT1/cmtt/m/n on input line 16.
LaTeX Font Info:    Overwriting symbol font `numbers' in version `bold'
(Font)                  OT1/cmss/m/n --> OT1/cmss/b/n on input line 16.
LaTeX Font Info:    Overwriting symbol font `pureletters' in version `bold'
(Font)                  OT1/cmss/m/it --> OT1/cmss/b/it on input line 16.
LaTeX Font Info:    Overwriting math alphabet `\mathrm' in version `bold'
(Font)                  OT1/cmss/b/n --> OT1/cmr/b/n on input line 16.
LaTeX Font Info:    Overwriting math alphabet `\mathbf' in version `bold'
(Font)                  OT1/cmss/b/n --> OT1/cmss/b/n on input line 16.
LaTeX Font Info:    Overwriting math alphabet `\mathsf' in version `bold'
(Font)                  OT1/cmss/m/n --> OT1/cmss/b/n on input line 16.
LaTeX Font Info:    Overwriting math alphabet `\mathit' in version `bold'
(Font)                  OT1/cmss/m/it --> OT1/cmss/b/it on input line 16.
LaTeX Font Info:    Overwriting math alphabet `\mathtt' in version `bold'
(Font)                  OT1/cmtt/m/n --> OT1/cmtt/b/n on input line 16.
LaTeX Font Info:    Redeclaring symbol font `pureletters' on input line 16.
LaTeX Font Info:    Overwriting symbol font `pureletters' in version `normal'
(Font)                  OT1/cmss/m/it --> OT1/mathkerncmss/m/sl on input line 16.
LaTeX Font Info:    Overwriting symbol font `pureletters' in version `bold'
(Font)                  OT1/cmss/b/it --> OT1/mathkerncmss/m/sl on input line 16.
LaTeX Font Info:    Overwriting symbol font `pureletters' in version `bold'
(Font)                  OT1/mathkerncmss/m/sl --> OT1/mathkerncmss/bx/sl on input line 16.
 (c:/texlive/2024/texmf-dist/tex/latex/translator/translator-basic-dictionary-English.dict
Dictionary: translator-basic-dictionary, Language: English 
) (c:/texlive/2024/texmf-dist/tex/latex/translator/translator-bibliography-dictionary-English.dict
Dictionary: translator-bibliography-dictionary, Language: English 
) (c:/texlive/2024/texmf-dist/tex/latex/translator/translator-environment-dictionary-English.dict
Dictionary: translator-environment-dictionary, Language: English 
) (c:/texlive/2024/texmf-dist/tex/latex/translator/translator-months-dictionary-English.dict
Dictionary: translator-months-dictionary, Language: English 
) (c:/texlive/2024/texmf-dist/tex/latex/translator/translator-numbers-dictionary-English.dict
Dictionary: translator-numbers-dictionary, Language: English 
) (c:/texlive/2024/texmf-dist/tex/latex/translator/translator-theorem-dictionary-English.dict
Dictionary: translator-theorem-dictionary, Language: English 
) (./presentation.nav)

[1

{c:/texlive/2024/texmf-var/fonts/map/pdftex/updmap/pdftex.map}] (./presentation.toc)

[2

]

[3

]

[4

]

[5

]

[6

]

[7

]

[8

]

[9

]

[10

]

[11

]

[12

]
<kaggle.png, id=125, 1059.96pt x 481.8pt>
File: kaggle.png Graphic file (type png)
<use kaggle.png>
Package pdftex.def Info: kaggle.png  used on input line 76.
(pdftex.def)             Requested size: 119.50279pt x 54.3141pt.


[13

 <./kaggle.png>]
LaTeX Font Info:    Trying to load font information for U+msa on input line 108.
 (c:/texlive/2024/texmf-dist/tex/latex/amsfonts/umsa.fd
File: umsa.fd 2013/01/14 v3.01 AMS symbols A
)
LaTeX Font Info:    Trying to load font information for U+msb on input line 108.
 (c:/texlive/2024/texmf-dist/tex/latex/amsfonts/umsb.fd
File: umsb.fd 2013/01/14 v3.01 AMS symbols B
)
LaTeX Font Info:    Trying to load font information for OT1+mathkerncmss on input line 108.
 (c:/texlive/2024/texmf-dist/tex/latex/sansmathaccent/ot1mathkerncmss.fd
File: ot1mathkerncmss.fd 2020/01/31 Fontinst v1.933 font definitions for OT1/mathkerncmss.
)
Overfull \vbox (4.40384pt too high) detected at line 108
 []



[14

]

[15

]

[16

]
<missing_val.png, id=153, 1490.2074pt x 682.9515pt>
File: missing_val.png Graphic file (type png)
<use missing_val.png>
Package pdftex.def Info: missing_val.png  used on input line 151.
(pdftex.def)             Requested size: 260.74472pt x 119.50279pt.


[17

 <./missing_val.png>]
\openout5 = `presentation.pyg'.

 (./_minted-presentation/default.pygstyle) (./_minted-presentation/38C2BFCA1E79692C0BAA592E2E2534494EE63164CC955BAC7216615F5C9B8444.pygtex)
\openout5 = `presentation.pyg'.

 (./_minted-presentation/87CF93AD4CBE1D722A85D437AAADB8294EE63164CC955BAC7216615F5C9B8444.pygtex)

[18

]
\openout5 = `presentation.pyg'.

 (./_minted-presentation/E0894B8FAFDABBDB55262A4BD65FF0F84EE63164CC955BAC7216615F5C9B8444.pygtex
LaTeX Font Info:    Font shape `OT1/cmtt/bx/n' in size <14.4> not available
(Font)              Font shape `OT1/cmtt/m/n' tried instead on input line 2.
)
\openout5 = `presentation.pyg'.

 (./_minted-presentation/9472F778CE2DE49C6A77E761656B6AFC4EE63164CC955BAC7216615F5C9B8444.pygtex)
\openout5 = `presentation.pyg'.

 (./_minted-presentation/BA4A96BEA494E18221E04B54CE8130994EE63164CC955BAC7216615F5C9B8444.pygtex)
\openout5 = `presentation.pyg'.

 (./_minted-presentation/1EEEBF9FD002F0DBB98A435F4EB0BE214EE63164CC955BAC7216615F5C9B8444.pygtex)
\openout5 = `presentation.pyg'.

 (./_minted-presentation/9F3E3DB310313B15119D96E1CFC442274EE63164CC955BAC7216615F5C9B8444.pygtex
LaTeX Font Info:    Font shape `OT1/cmtt/bx/n' in size <12> not available
(Font)              Font shape `OT1/cmtt/m/n' tried instead on input line 4.
)

[19

]

[20


]

[21


]
<../report/box_plots_before.png, id=185, 1582.713pt x 1167.8832pt>
File: ../report/box_plots_before.png Graphic file (type png)
<use ../report/box_plots_before.png>
Package pdftex.def Info: ../report/box_plots_before.png  used on input line 298.
(pdftex.def)             Requested size: 298.75394pt x 220.43883pt.


[22

]
Overfull \vbox (8.60408pt too high) detected at line 298
 []



[23


 <../report/box_plots_before.png>]

[24

]
\openout5 = `presentation.pyg'.

 (./_minted-presentation/CA4F044A6399897FDAE30E5DA9B285B64EE63164CC955BAC7216615F5C9B8444.pygtex
LaTeX Font Info:    Font shape `OT1/cmtt/bx/n' in size <10> not available
(Font)              Font shape `OT1/cmtt/m/n' tried instead on input line 2.
)

[25

]
<../report/box_plots_after.png, id=212, 1582.713pt x 1167.8832pt>
File: ../report/box_plots_after.png Graphic file (type png)
<use ../report/box_plots_after.png>
Package pdftex.def Info: ../report/box_plots_after.png  used on input line 349.
(pdftex.def)             Requested size: 278.83578pt x 205.75479pt.


[26

 <../report/box_plots_after.png>]
<../report/imbalance_check.png, id=219, 412.6617pt x 312.9291pt>
File: ../report/imbalance_check.png Graphic file (type png)
<use ../report/imbalance_check.png>
Package pdftex.def Info: ../report/imbalance_check.png  used on input line 370.
(pdftex.def)             Requested size: 157.58755pt x 119.50279pt.


[27

 <../report/imbalance_check.png>]
<../report/corr_viz.png, id=226, 716.1957pt x 667.0521pt>
File: ../report/corr_viz.png Graphic file (type png)
<use ../report/corr_viz.png>
Package pdftex.def Info: ../report/corr_viz.png  used on input line 385.
(pdftex.def)             Requested size: 234.22444pt x 218.15326pt.
<../report/corr_viz_after_fe.png, id=227, 716.1957pt x 667.0521pt>
File: ../report/corr_viz_after_fe.png Graphic file (type png)
<use ../report/corr_viz_after_fe.png>
Package pdftex.def Info: ../report/corr_viz_after_fe.png  used on input line 415.
(pdftex.def)             Requested size: 234.22444pt x 218.15326pt.

Overfull \vbox (2.31851pt too high) detected at line 423
 []



[28

 <../report/corr_viz.png>]

[29


]

[30


]
Overfull \vbox (1.31851pt too high) detected at line 423
 []



[31


 <../report/corr_viz_after_fe.png>]
\openout5 = `presentation.pyg'.

 (./_minted-presentation/A70B1C98E2C4E255782E7E864ABB5AD04EE63164CC955BAC7216615F5C9B8444.pygtex)

[32

]

[33


]

[34

]

[35

]

[36

]

[37

]
\openout5 = `presentation.pyg'.

 (./_minted-presentation/EB18EB39494287901E2C01A1FCAF4F5E4EE63164CC955BAC7216615F5C9B8444.pygtex)
Overfull \hbox (4.8141pt too wide) in paragraph at lines 520--520
[]|\OT1/cmss/bx/n/8 Accuracy
 []


Overfull \hbox (4.8141pt too wide) in paragraph at lines 520--520
[]|\OT1/cmss/bx/n/8 Accuracy
 []


Overfull \hbox (4.49854pt too wide) in paragraph at lines 520--520
[]|\OT1/cmss/bx/n/8 Precision
 []


Overfull \hbox (4.49854pt too wide) in paragraph at lines 520--520
[]|\OT1/cmss/bx/n/8 Precision
 []


Underfull \hbox (badness 10000) in paragraph at lines 520--520
[]|\OT1/cmss/bx/n/8 Recall
 []


Underfull \hbox (badness 10000) in paragraph at lines 520--520
[]|\OT1/cmss/bx/n/8 Recall
 []


Underfull \hbox (badness 10000) in paragraph at lines 520--520
[]|\OT1/cmss/bx/n/8 F1-
 []


Underfull \hbox (badness 10000) in paragraph at lines 520--520
\OT1/cmss/bx/n/8 Score
 []


Underfull \hbox (badness 10000) in paragraph at lines 520--521
[]|\OT1/cmss/bx/n/8 F1-
 []


Underfull \hbox (badness 10000) in paragraph at lines 520--521
\OT1/cmss/bx/n/8 Score
 []


Overfull \hbox (2.2719pt too wide) in paragraph at lines 522--522
[]|$\OT1/cmss/m/n/8 0\OML/cmm/m/it/8 :\OT1/cmss/m/n/8 9464$| 
 []


Overfull \hbox (2.2719pt too wide) in paragraph at lines 522--523
[]|$\OT1/cmss/m/n/8 0\OML/cmm/m/it/8 :\OT1/cmss/m/n/8 9443$| 
 []


Overfull \hbox (2.2719pt too wide) in paragraph at lines 524--524
[]|$\OT1/cmss/m/n/8 0\OML/cmm/m/it/8 :\OT1/cmss/m/n/8 8588$| 
 []


Overfull \hbox (2.2719pt too wide) in paragraph at lines 524--525
[]|$\OT1/cmss/m/n/8 0\OML/cmm/m/it/8 :\OT1/cmss/m/n/8 7279$| 
 []


Underfull \hbox (badness 10000) in paragraph at lines 526--526
[]|\OT1/cmss/m/n/8 Random
 []


Overfull \hbox (2.2719pt too wide) in paragraph at lines 526--526
[]|$\OT1/cmss/m/n/8 1\OML/cmm/m/it/8 :\OT1/cmss/m/n/8 0000$| 
 []


Overfull \hbox (2.2719pt too wide) in paragraph at lines 526--527
[]|$\OT1/cmss/m/n/8 0\OML/cmm/m/it/8 :\OT1/cmss/m/n/8 8885$| 
 []


Underfull \hbox (badness 10000) in paragraph at lines 528--528
[]|\OT1/cmss/m/n/8 Decision
 []


Overfull \hbox (2.2719pt too wide) in paragraph at lines 528--528
[]|$\OT1/cmss/m/n/8 1\OML/cmm/m/it/8 :\OT1/cmss/m/n/8 0000$| 
 []


Overfull \hbox (2.2719pt too wide) in paragraph at lines 528--529
[]|$\OT1/cmss/m/n/8 0\OML/cmm/m/it/8 :\OT1/cmss/m/n/8 8715$| 
 []


Overfull \hbox (2.2719pt too wide) in paragraph at lines 530--530
[]|$\OT1/cmss/m/n/8 0\OML/cmm/m/it/8 :\OT1/cmss/m/n/8 9546$| 
 []


Overfull \hbox (2.2719pt too wide) in paragraph at lines 530--531
[]|$\OT1/cmss/m/n/8 0\OML/cmm/m/it/8 :\OT1/cmss/m/n/8 9070$| 
 []


Overfull \hbox (2.2719pt too wide) in paragraph at lines 532--532
[]|$\OT1/cmss/m/n/8 1\OML/cmm/m/it/8 :\OT1/cmss/m/n/8 0000$| 
 []


Overfull \hbox (2.2719pt too wide) in paragraph at lines 532--533
[]|$\OT1/cmss/m/n/8 0\OML/cmm/m/it/8 :\OT1/cmss/m/n/8 9164$| 
 []

<../report/taining_time.png, id=282, 393.8715pt x 298.4751pt>
File: ../report/taining_time.png Graphic file (type png)
<use ../report/taining_time.png>
Package pdftex.def Info: ../report/taining_time.png  used on input line 541.
(pdftex.def)             Requested size: 262.82875pt x 199.1693pt.


[38

]

[39


]

[40


 <../report/taining_time.png>]
\openout5 = `presentation.pyg'.

 (./_minted-presentation/1CECA296FF25B6CA2B7FE6BCADA442AD4EE63164CC955BAC7216615F5C9B8444.pygtex
LaTeX Font Info:    Font shape `OT1/cmtt/bx/n' in size <8> not available
(Font)              Font shape `OT1/cmtt/m/n' tried instead on input line 17.
)
\openout5 = `presentation.pyg'.

 (./_minted-presentation/6EBCAA990F26B28E6CB69D4885DA4A854EE63164CC955BAC7216615F5C9B8444.pygtex)
Overfull \hbox (4.8141pt too wide) in paragraph at lines 614--614
[]|\OT1/cmss/bx/n/8 Accuracy
 []


Overfull \hbox (4.8141pt too wide) in paragraph at lines 614--614
[]|\OT1/cmss/bx/n/8 Accuracy
 []


Overfull \hbox (4.49854pt too wide) in paragraph at lines 614--614
[]|\OT1/cmss/bx/n/8 Precision
 []


Overfull \hbox (4.49854pt too wide) in paragraph at lines 614--614
[]|\OT1/cmss/bx/n/8 Precision
 []


Underfull \hbox (badness 10000) in paragraph at lines 614--614
[]|\OT1/cmss/bx/n/8 Recall
 []


Underfull \hbox (badness 10000) in paragraph at lines 614--614
[]|\OT1/cmss/bx/n/8 Recall
 []


Underfull \hbox (badness 10000) in paragraph at lines 614--614
[]|\OT1/cmss/bx/n/8 F1-
 []


Underfull \hbox (badness 10000) in paragraph at lines 614--614
\OT1/cmss/bx/n/8 Score
 []


Underfull \hbox (badness 10000) in paragraph at lines 614--615
[]|\OT1/cmss/bx/n/8 F1-
 []


Underfull \hbox (badness 10000) in paragraph at lines 614--615
\OT1/cmss/bx/n/8 Score
 []


Overfull \hbox (2.2719pt too wide) in paragraph at lines 616--616
[]|$\OT1/cmss/m/n/8 0\OML/cmm/m/it/8 :\OT1/cmss/m/n/8 9457$| 
 []


Overfull \hbox (2.2719pt too wide) in paragraph at lines 616--617
[]|$\OT1/cmss/m/n/8 0\OML/cmm/m/it/8 :\OT1/cmss/m/n/8 9493$| 
 []


Overfull \hbox (2.2719pt too wide) in paragraph at lines 618--618
[]|$\OT1/cmss/m/n/8 0\OML/cmm/m/it/8 :\OT1/cmss/m/n/8 8596$| 
 []


Overfull \hbox (2.2719pt too wide) in paragraph at lines 618--619
[]|$\OT1/cmss/m/n/8 0\OML/cmm/m/it/8 :\OT1/cmss/m/n/8 7670$| 
 []


Underfull \hbox (badness 10000) in paragraph at lines 620--620
[]|\OT1/cmss/m/n/8 Random
 []


Overfull \hbox (2.2719pt too wide) in paragraph at lines 620--620
[]|$\OT1/cmss/m/n/8 1\OML/cmm/m/it/8 :\OT1/cmss/m/n/8 0000$| 
 []


Overfull \hbox (2.2719pt too wide) in paragraph at lines 620--621
[]|$\OT1/cmss/m/n/8 0\OML/cmm/m/it/8 :\OT1/cmss/m/n/8 8889$| 
 []


Underfull \hbox (badness 10000) in paragraph at lines 622--622
[]|\OT1/cmss/m/n/8 Decision
 []


Overfull \hbox (2.2719pt too wide) in paragraph at lines 622--622
[]|$\OT1/cmss/m/n/8 0\OML/cmm/m/it/8 :\OT1/cmss/m/n/8 9968$| 
 []


Overfull \hbox (2.2719pt too wide) in paragraph at lines 622--623
[]|$\OT1/cmss/m/n/8 0\OML/cmm/m/it/8 :\OT1/cmss/m/n/8 8710$| 
 []


Overfull \hbox (2.2719pt too wide) in paragraph at lines 624--624
[]|$\OT1/cmss/m/n/8 0\OML/cmm/m/it/8 :\OT1/cmss/m/n/8 9476$| 
 []


Overfull \hbox (2.2719pt too wide) in paragraph at lines 624--625
[]|$\OT1/cmss/m/n/8 0\OML/cmm/m/it/8 :\OT1/cmss/m/n/8 9518$| 
 []


Overfull \hbox (2.2719pt too wide) in paragraph at lines 626--626
[]|$\OT1/cmss/m/n/8 0\OML/cmm/m/it/8 :\OT1/cmss/m/n/8 9962$| 
 []


Overfull \hbox (2.2719pt too wide) in paragraph at lines 626--627
[]|$\OT1/cmss/m/n/8 0\OML/cmm/m/it/8 :\OT1/cmss/m/n/8 9190$| 
 []



[41

]

[42


]

[43


]

[44


]
<../report/lc_LR.png, id=324, 287.6346pt x 228.3732pt>
File: ../report/lc_LR.png Graphic file (type png)
<use ../report/lc_LR.png>
Package pdftex.def Info: ../report/lc_LR.png  used on input line 856.
(pdftex.def)             Requested size: 213.11398pt x 169.19806pt.

Overfull \hbox (33.86284pt too wide) in paragraph at lines 856--856
 [][] 
 []

<../report/lc_tuned_LR.png, id=325, 316.5426pt x 228.3732pt>
File: ../report/lc_tuned_LR.png Graphic file (type png)
<use ../report/lc_tuned_LR.png>
Package pdftex.def Info: ../report/lc_tuned_LR.png  used on input line 856.
(pdftex.def)             Requested size: 234.53249pt x 169.19806pt.

Overfull \hbox (55.28134pt too wide) in paragraph at lines 856--856
 [][] 
 []

<../report/lc_KNN.png, id=326, 281.853pt x 228.3732pt>
File: ../report/lc_KNN.png Graphic file (type png)
<use ../report/lc_KNN.png>
Package pdftex.def Info: ../report/lc_KNN.png  used on input line 856.
(pdftex.def)             Requested size: 208.83029pt x 169.19806pt.

Overfull \hbox (29.57915pt too wide) in paragraph at lines 856--856
 [][] 
 []

<../report/lc_tuned_KNN.png, id=327, 281.853pt x 228.3732pt>
File: ../report/lc_tuned_KNN.png Graphic file (type png)
<use ../report/lc_tuned_KNN.png>
Package pdftex.def Info: ../report/lc_tuned_KNN.png  used on input line 856.
(pdftex.def)             Requested size: 208.83029pt x 169.19806pt.

Overfull \hbox (29.57915pt too wide) in paragraph at lines 856--856
 [][] 
 []

<../report/lc_RF.png, id=328, 281.853pt x 228.3732pt>
File: ../report/lc_RF.png Graphic file (type png)
<use ../report/lc_RF.png>
Package pdftex.def Info: ../report/lc_RF.png  used on input line 856.
(pdftex.def)             Requested size: 208.83029pt x 169.19806pt.

Overfull \hbox (29.57915pt too wide) in paragraph at lines 856--856
 [][] 
 []

<../report/lc_tuned_RF.png, id=329, 304.2567pt x 228.3732pt>
File: ../report/lc_tuned_RF.png Graphic file (type png)
<use ../report/lc_tuned_RF.png>
Package pdftex.def Info: ../report/lc_tuned_RF.png  used on input line 856.
(pdftex.def)             Requested size: 225.42963pt x 169.19806pt.

Overfull \hbox (46.17848pt too wide) in paragraph at lines 856--856
 [][] 
 []

<../report/lc_DT.png, id=330, 281.853pt x 228.3732pt>
File: ../report/lc_DT.png Graphic file (type png)
<use ../report/lc_DT.png>
Package pdftex.def Info: ../report/lc_DT.png  used on input line 856.
(pdftex.def)             Requested size: 208.83029pt x 169.19806pt.

Overfull \hbox (29.57915pt too wide) in paragraph at lines 856--856
 [][] 
 []

<../report/lc_tuned_DT.png, id=331, 299.1978pt x 228.3732pt>
File: ../report/lc_tuned_DT.png Graphic file (type png)
<use ../report/lc_tuned_DT.png>
Package pdftex.def Info: ../report/lc_tuned_DT.png  used on input line 856.
(pdftex.def)             Requested size: 221.68138pt x 169.19806pt.

Overfull \hbox (42.43024pt too wide) in paragraph at lines 856--856
 [][] 
 []

<../report/lc_SVM.png, id=332, 281.853pt x 228.3732pt>
File: ../report/lc_SVM.png Graphic file (type png)
<use ../report/lc_SVM.png>
Package pdftex.def Info: ../report/lc_SVM.png  used on input line 856.
(pdftex.def)             Requested size: 208.83029pt x 169.19806pt.

Overfull \hbox (29.57915pt too wide) in paragraph at lines 856--856
 [][] 
 []

<../report/lc_tuned_SVM.png, id=333, 281.853pt x 228.3732pt>
File: ../report/lc_tuned_SVM.png Graphic file (type png)
<use ../report/lc_tuned_SVM.png>
Package pdftex.def Info: ../report/lc_tuned_SVM.png  used on input line 856.
(pdftex.def)             Requested size: 208.83029pt x 169.19806pt.

Overfull \hbox (29.57915pt too wide) in paragraph at lines 856--856
 [][] 
 []

<../report/lc_XG.png, id=334, 281.853pt x 228.3732pt>
File: ../report/lc_XG.png Graphic file (type png)
<use ../report/lc_XG.png>
Package pdftex.def Info: ../report/lc_XG.png  used on input line 856.
(pdftex.def)             Requested size: 208.83029pt x 169.19806pt.

Overfull \hbox (29.57915pt too wide) in paragraph at lines 856--856
 [][] 
 []

<../report/lc_tuned_XG.png, id=335, 284.7438pt x 228.3732pt>
File: ../report/lc_tuned_XG.png Graphic file (type png)
<use ../report/lc_tuned_XG.png>
Package pdftex.def Info: ../report/lc_tuned_XG.png  used on input line 856.
(pdftex.def)             Requested size: 210.97214pt x 169.19806pt.

Overfull \hbox (31.721pt too wide) in paragraph at lines 856--856
 [][] 
 []

<../report/cmat_LR.png, id=336, 270.2898pt x 228.3732pt>
File: ../report/cmat_LR.png Graphic file (type png)
<use ../report/cmat_LR.png>
Package pdftex.def Info: ../report/cmat_LR.png  used on input line 856.
(pdftex.def)             Requested size: 200.2629pt x 169.19806pt.

Overfull \hbox (21.01175pt too wide) in paragraph at lines 856--856
 [][] 
 []

<../report/cmat_tuned_LR.png, id=337, 329.5512pt x 228.3732pt>
File: ../report/cmat_tuned_LR.png Graphic file (type png)
<use ../report/cmat_tuned_LR.png>
Package pdftex.def Info: ../report/cmat_tuned_LR.png  used on input line 856.
(pdftex.def)             Requested size: 244.17079pt x 169.19806pt.

Overfull \hbox (64.91965pt too wide) in paragraph at lines 856--856
 [][] 
 []

<../report/cmat_KNN.png, id=338, 263.7855pt x 228.3732pt>
File: ../report/cmat_KNN.png Graphic file (type png)
<use ../report/cmat_KNN.png>
Package pdftex.def Info: ../report/cmat_KNN.png  used on input line 856.
(pdftex.def)             Requested size: 195.44374pt x 169.19806pt.

Overfull \hbox (16.1926pt too wide) in paragraph at lines 856--856
 [][] 
 []

<../report/cmat_tuned_KNN.png, id=339, 263.7855pt x 228.3732pt>
File: ../report/cmat_tuned_KNN.png Graphic file (type png)
<use ../report/cmat_tuned_KNN.png>
Package pdftex.def Info: ../report/cmat_tuned_KNN.png  used on input line 856.
(pdftex.def)             Requested size: 195.44374pt x 169.19806pt.

Overfull \hbox (16.1926pt too wide) in paragraph at lines 856--856
 [][] 
 []

<../report/cmat_RF.png, id=340, 270.2898pt x 228.3732pt>
File: ../report/cmat_RF.png Graphic file (type png)
<use ../report/cmat_RF.png>
Package pdftex.def Info: ../report/cmat_RF.png  used on input line 856.
(pdftex.def)             Requested size: 200.2629pt x 169.19806pt.

Overfull \hbox (21.01175pt too wide) in paragraph at lines 856--856
 [][] 
 []

<../report/cmat_tuned_RF.png, id=341, 304.2567pt x 228.3732pt>
File: ../report/cmat_tuned_RF.png Graphic file (type png)
<use ../report/cmat_tuned_RF.png>
Package pdftex.def Info: ../report/cmat_tuned_RF.png  used on input line 856.
(pdftex.def)             Requested size: 225.42963pt x 169.19806pt.

Overfull \hbox (46.17848pt too wide) in paragraph at lines 856--856
 [][] 
 []

<../report/cmat_DT.png, id=342, 270.2898pt x 228.3732pt>
File: ../report/cmat_DT.png Graphic file (type png)
<use ../report/cmat_DT.png>
Package pdftex.def Info: ../report/cmat_DT.png  used on input line 856.
(pdftex.def)             Requested size: 200.2629pt x 169.19806pt.

Overfull \hbox (21.01175pt too wide) in paragraph at lines 856--856
 [][] 
 []

<../report/cmat_tuned_DT.png, id=343, 294.1389pt x 228.3732pt>
File: ../report/cmat_tuned_DT.png Graphic file (type png)
<use ../report/cmat_tuned_DT.png>
Package pdftex.def Info: ../report/cmat_tuned_DT.png  used on input line 856.
(pdftex.def)             Requested size: 217.93315pt x 169.19806pt.

Overfull \hbox (38.682pt too wide) in paragraph at lines 856--856
 [][] 
 []

<../report/cmat_SVM.png, id=344, 270.2898pt x 228.3732pt>
File: ../report/cmat_SVM.png Graphic file (type png)
<use ../report/cmat_SVM.png>
Package pdftex.def Info: ../report/cmat_SVM.png  used on input line 856.
(pdftex.def)             Requested size: 200.2629pt x 169.19806pt.

Overfull \hbox (21.01175pt too wide) in paragraph at lines 856--856
 [][] 
 []

<../report/cmat_tuned_SVM.png, id=345, 270.2898pt x 228.3732pt>
File: ../report/cmat_tuned_SVM.png Graphic file (type png)
<use ../report/cmat_tuned_SVM.png>
Package pdftex.def Info: ../report/cmat_tuned_SVM.png  used on input line 856.
(pdftex.def)             Requested size: 200.2629pt x 169.19806pt.

Overfull \hbox (21.01175pt too wide) in paragraph at lines 856--856
 [][] 
 []

<../report/cmat_XG.png, id=346, 270.2898pt x 228.3732pt>
File: ../report/cmat_XG.png Graphic file (type png)
<use ../report/cmat_XG.png>
Package pdftex.def Info: ../report/cmat_XG.png  used on input line 856.
(pdftex.def)             Requested size: 200.2629pt x 169.19806pt.

Overfull \hbox (21.01175pt too wide) in paragraph at lines 856--856
 [][] 
 []

<../report/cmat_tuned_XG.png, id=347, 274.626pt x 228.3732pt>
File: ../report/cmat_tuned_XG.png Graphic file (type png)
<use ../report/cmat_tuned_XG.png>
Package pdftex.def Info: ../report/cmat_tuned_XG.png  used on input line 856.
(pdftex.def)             Requested size: 203.47566pt x 169.19806pt.

Overfull \hbox (24.22452pt too wide) in paragraph at lines 856--856
 [][] 
 []

<../report/ra_pr_LR.png, id=348, 859.2903pt x 354.123pt>
File: ../report/ra_pr_LR.png Graphic file (type png)
<use ../report/ra_pr_LR.png>
Package pdftex.def Info: ../report/ra_pr_LR.png  used on input line 856.
(pdftex.def)             Requested size: 410.56657pt x 169.19806pt.

Overfull \hbox (3.69208pt too wide) in paragraph at lines 856--856
 [] 
 []

<../report/ra_pr_KNN.png, id=349, 859.2903pt x 354.123pt>
File: ../report/ra_pr_KNN.png Graphic file (type png)
<use ../report/ra_pr_KNN.png>
Package pdftex.def Info: ../report/ra_pr_KNN.png  used on input line 856.
(pdftex.def)             Requested size: 410.56657pt x 169.19806pt.

Overfull \hbox (3.69208pt too wide) in paragraph at lines 856--856
 [] 
 []

<../report/ra_pr_RF.png, id=350, 859.2903pt x 354.123pt>
File: ../report/ra_pr_RF.png Graphic file (type png)
<use ../report/ra_pr_RF.png>
Package pdftex.def Info: ../report/ra_pr_RF.png  used on input line 856.
(pdftex.def)             Requested size: 410.56657pt x 169.19806pt.

Overfull \hbox (3.69208pt too wide) in paragraph at lines 856--856
 [] 
 []

<../report/ra_pr_DT.png, id=351, 859.2903pt x 354.123pt>
File: ../report/ra_pr_DT.png Graphic file (type png)
<use ../report/ra_pr_DT.png>
Package pdftex.def Info: ../report/ra_pr_DT.png  used on input line 856.
(pdftex.def)             Requested size: 410.56657pt x 169.19806pt.

Overfull \hbox (3.69208pt too wide) in paragraph at lines 856--856
 [] 
 []

<../report/ra_pr_SVM.png, id=352, 859.2903pt x 354.123pt>
File: ../report/ra_pr_SVM.png Graphic file (type png)
<use ../report/ra_pr_SVM.png>
Package pdftex.def Info: ../report/ra_pr_SVM.png  used on input line 856.
(pdftex.def)             Requested size: 410.56657pt x 169.19806pt.

Overfull \hbox (3.69208pt too wide) in paragraph at lines 856--856
 [] 
 []

<../report/ra_pr_XG.png, id=353, 859.2903pt x 354.123pt>
File: ../report/ra_pr_XG.png Graphic file (type png)
<use ../report/ra_pr_XG.png>
Package pdftex.def Info: ../report/ra_pr_XG.png  used on input line 856.
(pdftex.def)             Requested size: 410.56657pt x 169.19806pt.

Overfull \hbox (3.69208pt too wide) in paragraph at lines 856--856
 [] 
 []



[45

 <../report/lc_LR.png> <../report/lc_tuned_LR.png>]

[46


 <../report/lc_KNN.png> <../report/lc_tuned_KNN.png>]

[47


 <../report/lc_RF.png> <../report/lc_tuned_RF.png>]

[48


 <../report/lc_DT.png> <../report/lc_tuned_DT.png>]

[49


 <../report/lc_SVM.png> <../report/lc_tuned_SVM.png>]

[50


 <../report/lc_XG.png> <../report/lc_tuned_XG.png>]

[51


 <../report/cmat_LR.png> <../report/cmat_tuned_LR.png>]

[52


 <../report/cmat_KNN.png> <../report/cmat_tuned_KNN.png>]

[53


 <../report/cmat_RF.png> <../report/cmat_tuned_RF.png>]

[54


 <../report/cmat_DT.png> <../report/cmat_tuned_DT.png>]

[55


 <../report/cmat_SVM.png> <../report/cmat_tuned_SVM.png>]

[56


 <../report/cmat_XG.png> <../report/cmat_tuned_XG.png>]

[57


 <../report/ra_pr_LR.png>]

[58


 <../report/ra_pr_KNN.png>]

[59


 <../report/ra_pr_RF.png>]

[60


 <../report/ra_pr_DT.png>]

[61


 <../report/ra_pr_SVM.png>]

[62


 <../report/ra_pr_XG.png>]

[63

]

[64

]
<feature_importance.png, id=517, 654.0435pt x 395.3169pt>
File: feature_importance.png Graphic file (type png)
<use feature_importance.png>
Package pdftex.def Info: feature_importance.png  used on input line 880.
(pdftex.def)             Requested size: 326.59181pt x 197.39774pt.


[65

 <./feature_importance.png>]

[66

]

[67

]

[68

]

[69

]

[70

]

[71

]

[72

 <c:/texlive/2024/texmf-dist/tex/latex/beamer/beamericonarticle.pdf>]

[73

]

[74

]

[75

]
\tf@nav=\write8
\openout8 = `presentation.nav'.

\tf@toc=\write9
\openout9 = `presentation.toc'.

\tf@snm=\write10
\openout10 = `presentation.snm'.

 (./presentation.aux)
 ***********
LaTeX2e <2024-06-01> patch level 2
L3 programming layer <2024-05-27>
 ***********
Package rerunfilecheck Info: File `presentation.out' has not changed.
(rerunfilecheck)             Checksum: EEA159054D75AD20DC1A9CD0FA9DF4F8;891.
runsystem(del presentation.pyg)...executed.

 ) 
Here is how much of TeX's memory you used:
 26977 strings out of 473584
 534885 string characters out of 5732357
 1950908 words of memory out of 5000000
 49071 multiletter control sequences out of 15000+600000
 573545 words of font info for 93 fonts, out of 8000000 for 9000
 1141 hyphenation exceptions out of 8191
 128i,11n,123p,538b,848s stack positions out of 10000i,1000n,20000p,200000b,200000s
<c:/texlive/2024/texmf-dist/fonts/type1/public/amsfonts/cm/cmmi10.pfb><c:/texlive/2024/texmf-dist/fonts/type1/public/amsfonts/cm/cmmi12.pfb><c:/texlive/2024/texmf-dist/fonts/type1/public/amsfonts/cm/cmmi8.pfb><c:/texlive/2024/texmf-dist/fonts/type1/public/amsfonts/cm/cmss10.pfb><c:/texlive/2024/texmf-dist/fonts/type1/public/amsfonts/cm/cmss12.pfb><c:/texlive/2024/texmf-dist/fonts/type1/public/amsfonts/cm/cmss17.pfb><c:/texlive/2024/texmf-dist/fonts/type1/public/amsfonts/cm/cmss8.pfb><c:/texlive/2024/texmf-dist/fonts/type1/public/amsfonts/cm/cmssbx10.pfb><c:/texlive/2024/texmf-dist/fonts/type1/public/amsfonts/cm/cmssi10.pfb><c:/texlive/2024/texmf-dist/fonts/type1/public/amsfonts/cm/cmsy10.pfb><c:/texlive/2024/texmf-dist/fonts/type1/public/amsfonts/cm/cmtt10.pfb><c:/texlive/2024/texmf-dist/fonts/type1/public/amsfonts/cm/cmtt12.pfb><c:/texlive/2024/texmf-dist/fonts/type1/public/amsfonts/cm/cmtt8.pfb>
Output written on presentation.pdf (75 pages, 1700736 bytes).
PDF statistics:
 688 PDF objects out of 1000 (max. 8388607)
 487 compressed objects within 5 object streams
 193 named destinations out of 1000 (max. 500000)
 324 words of extra memory for PDF output out of 10000 (max. 10000000)

